CRITICAL - 2020-09-13 21:37:09 --> Unable to connect to the database.
#0 E:\CodingFork\autosarisari\vendor\codeigniter4\framework\system\Database\BaseConnection.php(646): CodeIgniter\Database\BaseConnection->initialize()
#1 E:\CodingFork\autosarisari\vendor\codeigniter4\framework\system\Database\BaseBuilder.php(1860): CodeIgniter\Database\BaseConnection->query('SELECT *\nFROM `...', Array, false)
#2 E:\CodingFork\autosarisari\app\Models\CoreModel.php(33): CodeIgniter\Database\BaseBuilder->get()
#3 E:\CodingFork\autosarisari\app\Controllers\Auth.php(20): App\Models\CoreModel->getData(Array, 'user_credential')
#4 E:\CodingFork\autosarisari\vendor\codeigniter4\framework\system\CodeIgniter.php(918): App\Controllers\Auth->handleLogin()
#5 E:\CodingFork\autosarisari\vendor\codeigniter4\framework\system\CodeIgniter.php(404): CodeIgniter\CodeIgniter->runController(Object(App\Controllers\Auth))
#6 E:\CodingFork\autosarisari\vendor\codeigniter4\framework\system\CodeIgniter.php(312): CodeIgniter\CodeIgniter->handleRequest(NULL, Object(Config\Cache), false)
#7 E:\CodingFork\autosarisari\public\index.php(45): CodeIgniter\CodeIgniter->run()
#8 E:\CodingFork\autosarisari\vendor\codeigniter4\framework\system\Commands\Server\rewrite.php(34): require_once('E:\\CodingFork\\a...')
#9 {main}
CRITICAL - 2020-09-13 21:37:24 --> Unable to connect to the database.
#0 E:\CodingFork\autosarisari\vendor\codeigniter4\framework\system\Database\BaseConnection.php(646): CodeIgniter\Database\BaseConnection->initialize()
#1 E:\CodingFork\autosarisari\vendor\codeigniter4\framework\system\Database\BaseBuilder.php(1860): CodeIgniter\Database\BaseConnection->query('SELECT *\nFROM `...', Array, false)
#2 E:\CodingFork\autosarisari\app\Models\CoreModel.php(33): CodeIgniter\Database\BaseBuilder->get()
#3 E:\CodingFork\autosarisari\app\Controllers\Auth.php(20): App\Models\CoreModel->getData(Array, 'user_credential')
#4 E:\CodingFork\autosarisari\vendor\codeigniter4\framework\system\CodeIgniter.php(918): App\Controllers\Auth->handleLogin()
#5 E:\CodingFork\autosarisari\vendor\codeigniter4\framework\system\CodeIgniter.php(404): CodeIgniter\CodeIgniter->runController(Object(App\Controllers\Auth))
#6 E:\CodingFork\autosarisari\vendor\codeigniter4\framework\system\CodeIgniter.php(312): CodeIgniter\CodeIgniter->handleRequest(NULL, Object(Config\Cache), false)
#7 E:\CodingFork\autosarisari\public\index.php(45): CodeIgniter\CodeIgniter->run()
#8 E:\CodingFork\autosarisari\vendor\codeigniter4\framework\system\Commands\Server\rewrite.php(34): require_once('E:\\CodingFork\\a...')
#9 {main}
CRITICAL - 2020-09-13 21:40:11 --> Unable to connect to the database.
#0 E:\CodingFork\autosarisari\vendor\codeigniter4\framework\system\Database\BaseConnection.php(646): CodeIgniter\Database\BaseConnection->initialize()
#1 E:\CodingFork\autosarisari\vendor\codeigniter4\framework\system\Database\BaseBuilder.php(1860): CodeIgniter\Database\BaseConnection->query('SELECT *\nFROM `...', Array, false)
#2 E:\CodingFork\autosarisari\app\Models\CoreModel.php(33): CodeIgniter\Database\BaseBuilder->get()
#3 E:\CodingFork\autosarisari\app\Controllers\Auth.php(20): App\Models\CoreModel->getData(Array, 'user_credential')
#4 E:\CodingFork\autosarisari\vendor\codeigniter4\framework\system\CodeIgniter.php(918): App\Controllers\Auth->handleLogin()
#5 E:\CodingFork\autosarisari\vendor\codeigniter4\framework\system\CodeIgniter.php(404): CodeIgniter\CodeIgniter->runController(Object(App\Controllers\Auth))
#6 E:\CodingFork\autosarisari\vendor\codeigniter4\framework\system\CodeIgniter.php(312): CodeIgniter\CodeIgniter->handleRequest(NULL, Object(Config\Cache), false)
#7 E:\CodingFork\autosarisari\public\index.php(45): CodeIgniter\CodeIgniter->run()
#8 E:\CodingFork\autosarisari\vendor\codeigniter4\framework\system\Commands\Server\rewrite.php(34): require_once('E:\\CodingFork\\a...')
#9 {main}
CRITICAL - 2020-09-13 21:41:48 --> Unable to connect to the database.
#0 E:\CodingFork\autosarisari\vendor\codeigniter4\framework\system\Database\BaseConnection.php(646): CodeIgniter\Database\BaseConnection->initialize()
#1 E:\CodingFork\autosarisari\vendor\codeigniter4\framework\system\Database\BaseBuilder.php(1860): CodeIgniter\Database\BaseConnection->query('SELECT *\nFROM `...', Array, false)
#2 E:\CodingFork\autosarisari\app\Models\CoreModel.php(33): CodeIgniter\Database\BaseBuilder->get()
#3 E:\CodingFork\autosarisari\app\Controllers\Auth.php(20): App\Models\CoreModel->getData(Array, 'user_credential')
#4 E:\CodingFork\autosarisari\vendor\codeigniter4\framework\system\CodeIgniter.php(918): App\Controllers\Auth->handleLogin()
#5 E:\CodingFork\autosarisari\vendor\codeigniter4\framework\system\CodeIgniter.php(404): CodeIgniter\CodeIgniter->runController(Object(App\Controllers\Auth))
#6 E:\CodingFork\autosarisari\vendor\codeigniter4\framework\system\CodeIgniter.php(312): CodeIgniter\CodeIgniter->handleRequest(NULL, Object(Config\Cache), false)
#7 E:\CodingFork\autosarisari\public\index.php(45): CodeIgniter\CodeIgniter->run()
#8 E:\CodingFork\autosarisari\vendor\codeigniter4\framework\system\Commands\Server\rewrite.php(34): require_once('E:\\CodingFork\\a...')
#9 {main}
CRITICAL - 2020-09-13 21:42:02 --> Unable to connect to the database.
#0 E:\CodingFork\autosarisari\vendor\codeigniter4\framework\system\Database\BaseConnection.php(646): CodeIgniter\Database\BaseConnection->initialize()
#1 E:\CodingFork\autosarisari\vendor\codeigniter4\framework\system\Database\BaseBuilder.php(1860): CodeIgniter\Database\BaseConnection->query('SELECT *\nFROM `...', Array, false)
#2 E:\CodingFork\autosarisari\app\Models\CoreModel.php(33): CodeIgniter\Database\BaseBuilder->get()
#3 E:\CodingFork\autosarisari\app\Controllers\Auth.php(20): App\Models\CoreModel->getData(Array, 'user_credential')
#4 E:\CodingFork\autosarisari\vendor\codeigniter4\framework\system\CodeIgniter.php(918): App\Controllers\Auth->handleLogin()
#5 E:\CodingFork\autosarisari\vendor\codeigniter4\framework\system\CodeIgniter.php(404): CodeIgniter\CodeIgniter->runController(Object(App\Controllers\Auth))
#6 E:\CodingFork\autosarisari\vendor\codeigniter4\framework\system\CodeIgniter.php(312): CodeIgniter\CodeIgniter->handleRequest(NULL, Object(Config\Cache), false)
#7 E:\CodingFork\autosarisari\public\index.php(45): CodeIgniter\CodeIgniter->run()
#8 E:\CodingFork\autosarisari\vendor\codeigniter4\framework\system\Commands\Server\rewrite.php(34): require_once('E:\\CodingFork\\a...')
#9 {main}
CRITICAL - 2020-09-13 21:42:46 --> Unable to connect to the database.
#0 E:\CodingFork\autosarisari\vendor\codeigniter4\framework\system\Database\BaseConnection.php(646): CodeIgniter\Database\BaseConnection->initialize()
#1 E:\CodingFork\autosarisari\vendor\codeigniter4\framework\system\Database\BaseBuilder.php(1860): CodeIgniter\Database\BaseConnection->query('SELECT *\nFROM `...', Array, false)
#2 E:\CodingFork\autosarisari\app\Models\CoreModel.php(33): CodeIgniter\Database\BaseBuilder->get()
#3 E:\CodingFork\autosarisari\app\Controllers\Auth.php(20): App\Models\CoreModel->getData(Array, 'user_credential')
#4 E:\CodingFork\autosarisari\vendor\codeigniter4\framework\system\CodeIgniter.php(918): App\Controllers\Auth->handleLogin()
#5 E:\CodingFork\autosarisari\vendor\codeigniter4\framework\system\CodeIgniter.php(404): CodeIgniter\CodeIgniter->runController(Object(App\Controllers\Auth))
#6 E:\CodingFork\autosarisari\vendor\codeigniter4\framework\system\CodeIgniter.php(312): CodeIgniter\CodeIgniter->handleRequest(NULL, Object(Config\Cache), false)
#7 E:\CodingFork\autosarisari\public\index.php(45): CodeIgniter\CodeIgniter->run()
#8 E:\CodingFork\autosarisari\vendor\codeigniter4\framework\system\Commands\Server\rewrite.php(34): require_once('E:\\CodingFork\\a...')
#9 {main}
CRITICAL - 2020-09-13 21:43:34 --> Table 'autosarisari.user_credential' doesn't exist
#0 E:\CodingFork\autosarisari\vendor\codeigniter4\framework\system\Database\MySQLi\Connection.php(331): mysqli->query('SELECT *\nFROM `...')
#1 E:\CodingFork\autosarisari\vendor\codeigniter4\framework\system\Database\BaseConnection.php(741): CodeIgniter\Database\MySQLi\Connection->execute('SELECT *\nFROM `...')
#2 E:\CodingFork\autosarisari\vendor\codeigniter4\framework\system\Database\BaseConnection.php(669): CodeIgniter\Database\BaseConnection->simpleQuery('SELECT *\nFROM `...')
#3 E:\CodingFork\autosarisari\vendor\codeigniter4\framework\system\Database\BaseBuilder.php(1860): CodeIgniter\Database\BaseConnection->query('SELECT *\nFROM `...', Array, false)
#4 E:\CodingFork\autosarisari\app\Models\CoreModel.php(33): CodeIgniter\Database\BaseBuilder->get()
#5 E:\CodingFork\autosarisari\app\Controllers\Auth.php(20): App\Models\CoreModel->getData(Array, 'user_credential')
#6 E:\CodingFork\autosarisari\vendor\codeigniter4\framework\system\CodeIgniter.php(918): App\Controllers\Auth->handleLogin()
#7 E:\CodingFork\autosarisari\vendor\codeigniter4\framework\system\CodeIgniter.php(404): CodeIgniter\CodeIgniter->runController(Object(App\Controllers\Auth))
#8 E:\CodingFork\autosarisari\vendor\codeigniter4\framework\system\CodeIgniter.php(312): CodeIgniter\CodeIgniter->handleRequest(NULL, Object(Config\Cache), false)
#9 E:\CodingFork\autosarisari\public\index.php(45): CodeIgniter\CodeIgniter->run()
#10 E:\CodingFork\autosarisari\vendor\codeigniter4\framework\system\Commands\Server\rewrite.php(34): require_once('E:\\CodingFork\\a...')
#11 {main}
