CRITICAL - 2020-09-25 12:38:36 --> Table 'sc_db.stock' doesn't exist
#0 E:\CodingFork\smartCage\vendor\codeigniter4\framework\system\Database\MySQLi\Connection.php(331): mysqli->query('SELECT `item`.`...')
#1 E:\CodingFork\smartCage\vendor\codeigniter4\framework\system\Database\BaseConnection.php(741): CodeIgniter\Database\MySQLi\Connection->execute('SELECT `item`.`...')
#2 E:\CodingFork\smartCage\vendor\codeigniter4\framework\system\Database\BaseConnection.php(669): CodeIgniter\Database\BaseConnection->simpleQuery('SELECT `item`.`...')
#3 E:\CodingFork\smartCage\vendor\codeigniter4\framework\system\Database\BaseBuilder.php(1860): CodeIgniter\Database\BaseConnection->query('SELECT `item`.`...', Array, false)
#4 E:\CodingFork\smartCage\app\Models\CoreModel.php(43): CodeIgniter\Database\BaseBuilder->get(5, 0)
#5 E:\CodingFork\smartCage\app\Controllers\Admin.php(30): App\Models\CoreModel->getData(Array, 'item')
#6 E:\CodingFork\smartCage\vendor\codeigniter4\framework\system\CodeIgniter.php(918): App\Controllers\Admin->view()
#7 E:\CodingFork\smartCage\vendor\codeigniter4\framework\system\CodeIgniter.php(404): CodeIgniter\CodeIgniter->runController(Object(App\Controllers\Admin))
#8 E:\CodingFork\smartCage\vendor\codeigniter4\framework\system\CodeIgniter.php(312): CodeIgniter\CodeIgniter->handleRequest(NULL, Object(Config\Cache), false)
#9 E:\CodingFork\smartCage\public\index.php(45): CodeIgniter\CodeIgniter->run()
#10 E:\CodingFork\smartCage\vendor\codeigniter4\framework\system\Commands\Server\rewrite.php(34): require_once('E:\\CodingFork\\s...')
#11 {main}
CRITICAL - 2020-09-25 12:39:16 --> Table 'sc_db.stock' doesn't exist
#0 E:\CodingFork\smartCage\vendor\codeigniter4\framework\system\Database\MySQLi\Connection.php(331): mysqli->query('SELECT `item`.`...')
#1 E:\CodingFork\smartCage\vendor\codeigniter4\framework\system\Database\BaseConnection.php(741): CodeIgniter\Database\MySQLi\Connection->execute('SELECT `item`.`...')
#2 E:\CodingFork\smartCage\vendor\codeigniter4\framework\system\Database\BaseConnection.php(669): CodeIgniter\Database\BaseConnection->simpleQuery('SELECT `item`.`...')
#3 E:\CodingFork\smartCage\vendor\codeigniter4\framework\system\Database\BaseBuilder.php(1860): CodeIgniter\Database\BaseConnection->query('SELECT `item`.`...', Array, false)
#4 E:\CodingFork\smartCage\app\Models\CoreModel.php(43): CodeIgniter\Database\BaseBuilder->get(5, 0)
#5 E:\CodingFork\smartCage\app\Controllers\Admin.php(30): App\Models\CoreModel->getData(Array, 'item')
#6 E:\CodingFork\smartCage\vendor\codeigniter4\framework\system\CodeIgniter.php(918): App\Controllers\Admin->view()
#7 E:\CodingFork\smartCage\vendor\codeigniter4\framework\system\CodeIgniter.php(404): CodeIgniter\CodeIgniter->runController(Object(App\Controllers\Admin))
#8 E:\CodingFork\smartCage\vendor\codeigniter4\framework\system\CodeIgniter.php(312): CodeIgniter\CodeIgniter->handleRequest(NULL, Object(Config\Cache), false)
#9 E:\CodingFork\smartCage\public\index.php(45): CodeIgniter\CodeIgniter->run()
#10 E:\CodingFork\smartCage\vendor\codeigniter4\framework\system\Commands\Server\rewrite.php(34): require_once('E:\\CodingFork\\s...')
#11 {main}
CRITICAL - 2020-09-25 12:39:51 --> Table 'sc_db.stock' doesn't exist
#0 E:\CodingFork\smartCage\vendor\codeigniter4\framework\system\Database\MySQLi\Connection.php(331): mysqli->query('SELECT `item`.`...')
#1 E:\CodingFork\smartCage\vendor\codeigniter4\framework\system\Database\BaseConnection.php(741): CodeIgniter\Database\MySQLi\Connection->execute('SELECT `item`.`...')
#2 E:\CodingFork\smartCage\vendor\codeigniter4\framework\system\Database\BaseConnection.php(669): CodeIgniter\Database\BaseConnection->simpleQuery('SELECT `item`.`...')
#3 E:\CodingFork\smartCage\vendor\codeigniter4\framework\system\Database\BaseBuilder.php(1860): CodeIgniter\Database\BaseConnection->query('SELECT `item`.`...', Array, false)
#4 E:\CodingFork\smartCage\app\Models\CoreModel.php(43): CodeIgniter\Database\BaseBuilder->get(5, 0)
#5 E:\CodingFork\smartCage\app\Controllers\Admin.php(30): App\Models\CoreModel->getData(Array, 'item')
#6 E:\CodingFork\smartCage\vendor\codeigniter4\framework\system\CodeIgniter.php(918): App\Controllers\Admin->view()
#7 E:\CodingFork\smartCage\vendor\codeigniter4\framework\system\CodeIgniter.php(404): CodeIgniter\CodeIgniter->runController(Object(App\Controllers\Admin))
#8 E:\CodingFork\smartCage\vendor\codeigniter4\framework\system\CodeIgniter.php(312): CodeIgniter\CodeIgniter->handleRequest(NULL, Object(Config\Cache), false)
#9 E:\CodingFork\smartCage\public\index.php(45): CodeIgniter\CodeIgniter->run()
#10 E:\CodingFork\smartCage\vendor\codeigniter4\framework\system\Commands\Server\rewrite.php(34): require_once('E:\\CodingFork\\s...')
#11 {main}
CRITICAL - 2020-09-25 13:05:47 --> Unknown column 'item.name' in 'field list'
#0 E:\CodingFork\smartCage\vendor\codeigniter4\framework\system\Database\MySQLi\Connection.php(331): mysqli->query('SELECT `item`.`...')
#1 E:\CodingFork\smartCage\vendor\codeigniter4\framework\system\Database\BaseConnection.php(741): CodeIgniter\Database\MySQLi\Connection->execute('SELECT `item`.`...')
#2 E:\CodingFork\smartCage\vendor\codeigniter4\framework\system\Database\BaseConnection.php(669): CodeIgniter\Database\BaseConnection->simpleQuery('SELECT `item`.`...')
#3 E:\CodingFork\smartCage\vendor\codeigniter4\framework\system\Database\BaseBuilder.php(1860): CodeIgniter\Database\BaseConnection->query('SELECT `item`.`...', Array, false)
#4 E:\CodingFork\smartCage\app\Models\CoreModel.php(43): CodeIgniter\Database\BaseBuilder->get(5, 0)
#5 E:\CodingFork\smartCage\app\Controllers\Admin.php(30): App\Models\CoreModel->getData(Array, 'item')
#6 E:\CodingFork\smartCage\vendor\codeigniter4\framework\system\CodeIgniter.php(918): App\Controllers\Admin->view()
#7 E:\CodingFork\smartCage\vendor\codeigniter4\framework\system\CodeIgniter.php(404): CodeIgniter\CodeIgniter->runController(Object(App\Controllers\Admin))
#8 E:\CodingFork\smartCage\vendor\codeigniter4\framework\system\CodeIgniter.php(312): CodeIgniter\CodeIgniter->handleRequest(NULL, Object(Config\Cache), false)
#9 E:\CodingFork\smartCage\public\index.php(45): CodeIgniter\CodeIgniter->run()
#10 E:\CodingFork\smartCage\vendor\codeigniter4\framework\system\Commands\Server\rewrite.php(34): require_once('E:\\CodingFork\\s...')
#11 {main}
CRITICAL - 2020-09-25 13:05:59 --> Unknown column 'item.name' in 'field list'
#0 E:\CodingFork\smartCage\vendor\codeigniter4\framework\system\Database\MySQLi\Connection.php(331): mysqli->query('SELECT `item`.`...')
#1 E:\CodingFork\smartCage\vendor\codeigniter4\framework\system\Database\BaseConnection.php(741): CodeIgniter\Database\MySQLi\Connection->execute('SELECT `item`.`...')
#2 E:\CodingFork\smartCage\vendor\codeigniter4\framework\system\Database\BaseConnection.php(669): CodeIgniter\Database\BaseConnection->simpleQuery('SELECT `item`.`...')
#3 E:\CodingFork\smartCage\vendor\codeigniter4\framework\system\Database\BaseBuilder.php(1860): CodeIgniter\Database\BaseConnection->query('SELECT `item`.`...', Array, false)
#4 E:\CodingFork\smartCage\app\Models\CoreModel.php(43): CodeIgniter\Database\BaseBuilder->get(5, 0)
#5 E:\CodingFork\smartCage\app\Controllers\Admin.php(30): App\Models\CoreModel->getData(Array, 'item')
#6 E:\CodingFork\smartCage\vendor\codeigniter4\framework\system\CodeIgniter.php(918): App\Controllers\Admin->view()
#7 E:\CodingFork\smartCage\vendor\codeigniter4\framework\system\CodeIgniter.php(404): CodeIgniter\CodeIgniter->runController(Object(App\Controllers\Admin))
#8 E:\CodingFork\smartCage\vendor\codeigniter4\framework\system\CodeIgniter.php(312): CodeIgniter\CodeIgniter->handleRequest(NULL, Object(Config\Cache), false)
#9 E:\CodingFork\smartCage\public\index.php(45): CodeIgniter\CodeIgniter->run()
#10 E:\CodingFork\smartCage\vendor\codeigniter4\framework\system\Commands\Server\rewrite.php(34): require_once('E:\\CodingFork\\s...')
#11 {main}
CRITICAL - 2020-09-25 13:22:03 --> Unknown column 'stock_movements.stock' in 'field list'
#0 E:\CodingFork\smartCage\vendor\codeigniter4\framework\system\Database\MySQLi\Connection.php(331): mysqli->query('SELECT `item`.`...')
#1 E:\CodingFork\smartCage\vendor\codeigniter4\framework\system\Database\BaseConnection.php(741): CodeIgniter\Database\MySQLi\Connection->execute('SELECT `item`.`...')
#2 E:\CodingFork\smartCage\vendor\codeigniter4\framework\system\Database\BaseConnection.php(669): CodeIgniter\Database\BaseConnection->simpleQuery('SELECT `item`.`...')
#3 E:\CodingFork\smartCage\vendor\codeigniter4\framework\system\Database\BaseBuilder.php(1860): CodeIgniter\Database\BaseConnection->query('SELECT `item`.`...', Array, false)
#4 E:\CodingFork\smartCage\app\Models\CoreModel.php(43): CodeIgniter\Database\BaseBuilder->get(5, 0)
#5 E:\CodingFork\smartCage\app\Controllers\Admin.php(30): App\Models\CoreModel->getData(Array, 'item')
#6 E:\CodingFork\smartCage\vendor\codeigniter4\framework\system\CodeIgniter.php(918): App\Controllers\Admin->view()
#7 E:\CodingFork\smartCage\vendor\codeigniter4\framework\system\CodeIgniter.php(404): CodeIgniter\CodeIgniter->runController(Object(App\Controllers\Admin))
#8 E:\CodingFork\smartCage\vendor\codeigniter4\framework\system\CodeIgniter.php(312): CodeIgniter\CodeIgniter->handleRequest(NULL, Object(Config\Cache), false)
#9 E:\CodingFork\smartCage\public\index.php(45): CodeIgniter\CodeIgniter->run()
#10 E:\CodingFork\smartCage\vendor\codeigniter4\framework\system\Commands\Server\rewrite.php(34): require_once('E:\\CodingFork\\s...')
#11 {main}
CRITICAL - 2020-09-25 13:55:31 --> Undefined property: App\Controllers\Admin::$requet
#0 E:\CodingFork\smartCage\app\Controllers\Admin.php(17): CodeIgniter\Debug\Exceptions->errorHandler(8, 'Undefined prope...', 'E:\\CodingFork\\s...', 17, Array)
#1 E:\CodingFork\smartCage\vendor\codeigniter4\framework\system\CodeIgniter.php(918): App\Controllers\Admin->create()
#2 E:\CodingFork\smartCage\vendor\codeigniter4\framework\system\CodeIgniter.php(404): CodeIgniter\CodeIgniter->runController(Object(App\Controllers\Admin))
#3 E:\CodingFork\smartCage\vendor\codeigniter4\framework\system\CodeIgniter.php(312): CodeIgniter\CodeIgniter->handleRequest(NULL, Object(Config\Cache), false)
#4 E:\CodingFork\smartCage\public\index.php(45): CodeIgniter\CodeIgniter->run()
#5 E:\CodingFork\smartCage\vendor\codeigniter4\framework\system\Commands\Server\rewrite.php(34): require_once('E:\\CodingFork\\s...')
#6 {main}
CRITICAL - 2020-09-25 13:55:46 --> Too few arguments to function App\Models\CoreModel::getData(), 0 passed in E:\CodingFork\smartCage\app\Controllers\Admin.php on line 18 and exactly 2 expected
#0 E:\CodingFork\smartCage\app\Controllers\Admin.php(18): App\Models\CoreModel->getData()
#1 E:\CodingFork\smartCage\vendor\codeigniter4\framework\system\CodeIgniter.php(918): App\Controllers\Admin->create()
#2 E:\CodingFork\smartCage\vendor\codeigniter4\framework\system\CodeIgniter.php(404): CodeIgniter\CodeIgniter->runController(Object(App\Controllers\Admin))
#3 E:\CodingFork\smartCage\vendor\codeigniter4\framework\system\CodeIgniter.php(312): CodeIgniter\CodeIgniter->handleRequest(NULL, Object(Config\Cache), false)
#4 E:\CodingFork\smartCage\public\index.php(45): CodeIgniter\CodeIgniter->run()
#5 E:\CodingFork\smartCage\vendor\codeigniter4\framework\system\Commands\Server\rewrite.php(34): require_once('E:\\CodingFork\\s...')
#6 {main}
CRITICAL - 2020-09-25 15:01:19 --> syntax error, unexpected '}'
#0 E:\CodingFork\smartCage\vendor\codeigniter4\framework\system\Autoloader\Autoloader.php(296): CodeIgniter\Autoloader\Autoloader->requireFile('E:\\CodingFork\\s...')
#1 E:\CodingFork\smartCage\vendor\codeigniter4\framework\system\Autoloader\Autoloader.php(258): CodeIgniter\Autoloader\Autoloader->loadInNamespace('App\\Controllers...')
#2 [internal function]: CodeIgniter\Autoloader\Autoloader->loadClass('App\\Controllers...')
#3 [internal function]: spl_autoload_call('App\\Controllers...')
#4 E:\CodingFork\smartCage\vendor\codeigniter4\framework\system\CodeIgniter.php(869): class_exists('\\App\\Controller...', true)
#5 E:\CodingFork\smartCage\vendor\codeigniter4\framework\system\CodeIgniter.php(394): CodeIgniter\CodeIgniter->startController()
#6 E:\CodingFork\smartCage\vendor\codeigniter4\framework\system\CodeIgniter.php(312): CodeIgniter\CodeIgniter->handleRequest(NULL, Object(Config\Cache), false)
#7 E:\CodingFork\smartCage\public\index.php(45): CodeIgniter\CodeIgniter->run()
#8 E:\CodingFork\smartCage\vendor\codeigniter4\framework\system\Commands\Server\rewrite.php(34): require_once('E:\\CodingFork\\s...')
#9 {main}
CRITICAL - 2020-09-25 15:23:00 --> Undefined variable: insert
#0 E:\CodingFork\smartCage\app\Controllers\Admin.php(37): CodeIgniter\Debug\Exceptions->errorHandler(8, 'Undefined varia...', 'E:\\CodingFork\\s...', 37, Array)
#1 E:\CodingFork\smartCage\vendor\codeigniter4\framework\system\CodeIgniter.php(918): App\Controllers\Admin->create()
#2 E:\CodingFork\smartCage\vendor\codeigniter4\framework\system\CodeIgniter.php(404): CodeIgniter\CodeIgniter->runController(Object(App\Controllers\Admin))
#3 E:\CodingFork\smartCage\vendor\codeigniter4\framework\system\CodeIgniter.php(312): CodeIgniter\CodeIgniter->handleRequest(NULL, Object(Config\Cache), false)
#4 E:\CodingFork\smartCage\public\index.php(45): CodeIgniter\CodeIgniter->run()
#5 E:\CodingFork\smartCage\vendor\codeigniter4\framework\system\Commands\Server\rewrite.php(34): require_once('E:\\CodingFork\\s...')
#6 {main}
CRITICAL - 2020-09-25 15:28:02 --> Table 'sc_db.stock' doesn't exist
#0 E:\CodingFork\smartCage\vendor\codeigniter4\framework\system\Database\MySQLi\Connection.php(331): mysqli->query('SELECT `item`.`...')
#1 E:\CodingFork\smartCage\vendor\codeigniter4\framework\system\Database\BaseConnection.php(741): CodeIgniter\Database\MySQLi\Connection->execute('SELECT `item`.`...')
#2 E:\CodingFork\smartCage\vendor\codeigniter4\framework\system\Database\BaseConnection.php(669): CodeIgniter\Database\BaseConnection->simpleQuery('SELECT `item`.`...')
#3 E:\CodingFork\smartCage\vendor\codeigniter4\framework\system\Database\BaseBuilder.php(1860): CodeIgniter\Database\BaseConnection->query('SELECT `item`.`...', Array, false)
#4 E:\CodingFork\smartCage\app\Models\CoreModel.php(45): CodeIgniter\Database\BaseBuilder->get()
#5 E:\CodingFork\smartCage\app\Controllers\Admin.php(54): App\Models\CoreModel->getData(Array, 'stock')
#6 E:\CodingFork\smartCage\vendor\codeigniter4\framework\system\CodeIgniter.php(918): App\Controllers\Admin->getSpecific()
#7 E:\CodingFork\smartCage\vendor\codeigniter4\framework\system\CodeIgniter.php(404): CodeIgniter\CodeIgniter->runController(Object(App\Controllers\Admin))
#8 E:\CodingFork\smartCage\vendor\codeigniter4\framework\system\CodeIgniter.php(312): CodeIgniter\CodeIgniter->handleRequest(NULL, Object(Config\Cache), false)
#9 E:\CodingFork\smartCage\public\index.php(45): CodeIgniter\CodeIgniter->run()
#10 E:\CodingFork\smartCage\vendor\codeigniter4\framework\system\Commands\Server\rewrite.php(34): require_once('E:\\CodingFork\\s...')
#11 {main}
CRITICAL - 2020-09-25 15:32:00 --> Unknown column 'stock' in 'field list'
#0 E:\CodingFork\smartCage\vendor\codeigniter4\framework\system\Database\MySQLi\Connection.php(331): mysqli->query('UPDATE `stock_m...')
#1 E:\CodingFork\smartCage\vendor\codeigniter4\framework\system\Database\BaseConnection.php(741): CodeIgniter\Database\MySQLi\Connection->execute('UPDATE `stock_m...')
#2 E:\CodingFork\smartCage\vendor\codeigniter4\framework\system\Database\BaseConnection.php(669): CodeIgniter\Database\BaseConnection->simpleQuery('UPDATE `stock_m...')
#3 E:\CodingFork\smartCage\vendor\codeigniter4\framework\system\Database\BaseBuilder.php(2456): CodeIgniter\Database\BaseConnection->query('UPDATE `stock_m...', Array, false)
#4 E:\CodingFork\smartCage\app\Models\CoreModel.php(68): CodeIgniter\Database\BaseBuilder->update(Array)
#5 E:\CodingFork\smartCage\app\Controllers\Admin.php(76): App\Models\CoreModel->updateData(Array, Array, 'stock_movements')
#6 E:\CodingFork\smartCage\vendor\codeigniter4\framework\system\CodeIgniter.php(918): App\Controllers\Admin->addStock()
#7 E:\CodingFork\smartCage\vendor\codeigniter4\framework\system\CodeIgniter.php(404): CodeIgniter\CodeIgniter->runController(Object(App\Controllers\Admin))
#8 E:\CodingFork\smartCage\vendor\codeigniter4\framework\system\CodeIgniter.php(312): CodeIgniter\CodeIgniter->handleRequest(NULL, Object(Config\Cache), false)
#9 E:\CodingFork\smartCage\public\index.php(45): CodeIgniter\CodeIgniter->run()
#10 E:\CodingFork\smartCage\vendor\codeigniter4\framework\system\Commands\Server\rewrite.php(34): require_once('E:\\CodingFork\\s...')
#11 {main}
CRITICAL - 2020-09-25 15:44:03 --> syntax error, unexpected '"descritption"' (T_CONSTANT_ENCAPSED_STRING), expecting ')'
#0 E:\CodingFork\smartCage\vendor\codeigniter4\framework\system\Autoloader\Autoloader.php(296): CodeIgniter\Autoloader\Autoloader->requireFile('E:\\CodingFork\\s...')
#1 E:\CodingFork\smartCage\vendor\codeigniter4\framework\system\Autoloader\Autoloader.php(258): CodeIgniter\Autoloader\Autoloader->loadInNamespace('App\\Controllers...')
#2 [internal function]: CodeIgniter\Autoloader\Autoloader->loadClass('App\\Controllers...')
#3 [internal function]: spl_autoload_call('App\\Controllers...')
#4 E:\CodingFork\smartCage\vendor\codeigniter4\framework\system\CodeIgniter.php(869): class_exists('\\App\\Controller...', true)
#5 E:\CodingFork\smartCage\vendor\codeigniter4\framework\system\CodeIgniter.php(394): CodeIgniter\CodeIgniter->startController()
#6 E:\CodingFork\smartCage\vendor\codeigniter4\framework\system\CodeIgniter.php(312): CodeIgniter\CodeIgniter->handleRequest(NULL, Object(Config\Cache), false)
#7 E:\CodingFork\smartCage\public\index.php(45): CodeIgniter\CodeIgniter->run()
#8 E:\CodingFork\smartCage\vendor\codeigniter4\framework\system\Commands\Server\rewrite.php(34): require_once('E:\\CodingFork\\s...')
#9 {main}
CRITICAL - 2020-09-25 15:44:30 --> Unknown column 'descritption' in 'field list'
#0 E:\CodingFork\smartCage\vendor\codeigniter4\framework\system\Database\MySQLi\Connection.php(331): mysqli->query('UPDATE `item` S...')
#1 E:\CodingFork\smartCage\vendor\codeigniter4\framework\system\Database\BaseConnection.php(741): CodeIgniter\Database\MySQLi\Connection->execute('UPDATE `item` S...')
#2 E:\CodingFork\smartCage\vendor\codeigniter4\framework\system\Database\BaseConnection.php(669): CodeIgniter\Database\BaseConnection->simpleQuery('UPDATE `item` S...')
#3 E:\CodingFork\smartCage\vendor\codeigniter4\framework\system\Database\BaseBuilder.php(2456): CodeIgniter\Database\BaseConnection->query('UPDATE `item` S...', Array, false)
#4 E:\CodingFork\smartCage\app\Models\CoreModel.php(68): CodeIgniter\Database\BaseBuilder->update(Array)
#5 E:\CodingFork\smartCage\app\Controllers\Admin.php(109): App\Models\CoreModel->updateData(Array, Array, 'item')
#6 E:\CodingFork\smartCage\vendor\codeigniter4\framework\system\CodeIgniter.php(918): App\Controllers\Admin->updateItem()
#7 E:\CodingFork\smartCage\vendor\codeigniter4\framework\system\CodeIgniter.php(404): CodeIgniter\CodeIgniter->runController(Object(App\Controllers\Admin))
#8 E:\CodingFork\smartCage\vendor\codeigniter4\framework\system\CodeIgniter.php(312): CodeIgniter\CodeIgniter->handleRequest(NULL, Object(Config\Cache), false)
#9 E:\CodingFork\smartCage\public\index.php(45): CodeIgniter\CodeIgniter->run()
#10 E:\CodingFork\smartCage\vendor\codeigniter4\framework\system\Commands\Server\rewrite.php(34): require_once('E:\\CodingFork\\s...')
#11 {main}
CRITICAL - 2020-09-25 16:34:10 --> include(modal.php): failed to open stream: No such file or directory
#0 E:\CodingFork\smartCage\app\Views\content\order\order.php(26): CodeIgniter\Debug\Exceptions->errorHandler(2, 'include(modal.p...', 'E:\\CodingFork\\s...', 26, Array)
#1 E:\CodingFork\smartCage\app\Views\content\order\order.php(26): include()
#2 E:\CodingFork\smartCage\vendor\codeigniter4\framework\system\View\View.php(246): include('E:\\CodingFork\\s...')
#3 E:\CodingFork\smartCage\vendor\codeigniter4\framework\system\Common.php(1119): CodeIgniter\View\View->render('content/order/o...', Array, true)
#4 E:\CodingFork\smartCage\app\Controllers\BaseController.php(58): view('content/order/o...', Array)
#5 E:\CodingFork\smartCage\app\Controllers\Order.php(14): App\Controllers\BaseController->loadLayout('content/order/o...')
#6 E:\CodingFork\smartCage\vendor\codeigniter4\framework\system\CodeIgniter.php(918): App\Controllers\Order->index()
#7 E:\CodingFork\smartCage\vendor\codeigniter4\framework\system\CodeIgniter.php(404): CodeIgniter\CodeIgniter->runController(Object(App\Controllers\Order))
#8 E:\CodingFork\smartCage\vendor\codeigniter4\framework\system\CodeIgniter.php(312): CodeIgniter\CodeIgniter->handleRequest(NULL, Object(Config\Cache), false)
#9 E:\CodingFork\smartCage\public\index.php(45): CodeIgniter\CodeIgniter->run()
#10 E:\CodingFork\smartCage\vendor\codeigniter4\framework\system\Commands\Server\rewrite.php(34): require_once('E:\\CodingFork\\s...')
#11 {main}
CRITICAL - 2020-09-25 17:07:22 --> Table 'sc_db.order' doesn't exist
#0 E:\CodingFork\smartCage\vendor\codeigniter4\framework\system\Database\MySQLi\Connection.php(331): mysqli->query('SELECT *\nFROM `...')
#1 E:\CodingFork\smartCage\vendor\codeigniter4\framework\system\Database\BaseConnection.php(741): CodeIgniter\Database\MySQLi\Connection->execute('SELECT *\nFROM `...')
#2 E:\CodingFork\smartCage\vendor\codeigniter4\framework\system\Database\BaseConnection.php(669): CodeIgniter\Database\BaseConnection->simpleQuery('SELECT *\nFROM `...')
#3 E:\CodingFork\smartCage\vendor\codeigniter4\framework\system\Database\BaseBuilder.php(1860): CodeIgniter\Database\BaseConnection->query('SELECT *\nFROM `...', Array, false)
#4 E:\CodingFork\smartCage\app\Models\CoreModel.php(43): CodeIgniter\Database\BaseBuilder->get(5, 0)
#5 E:\CodingFork\smartCage\app\Controllers\Order.php(24): App\Models\CoreModel->getData(Array, 'order')
#6 E:\CodingFork\smartCage\vendor\codeigniter4\framework\system\CodeIgniter.php(918): App\Controllers\Order->view()
#7 E:\CodingFork\smartCage\vendor\codeigniter4\framework\system\CodeIgniter.php(404): CodeIgniter\CodeIgniter->runController(Object(App\Controllers\Order))
#8 E:\CodingFork\smartCage\vendor\codeigniter4\framework\system\CodeIgniter.php(312): CodeIgniter\CodeIgniter->handleRequest(NULL, Object(Config\Cache), false)
#9 E:\CodingFork\smartCage\public\index.php(45): CodeIgniter\CodeIgniter->run()
#10 E:\CodingFork\smartCage\vendor\codeigniter4\framework\system\Commands\Server\rewrite.php(34): require_once('E:\\CodingFork\\s...')
#11 {main}
