CRITICAL - 2020-09-14 13:26:18 --> Object of class App\Controllers\Admin could not be converted to string
#0 E:\CodingFork\autosarisari\app\Controllers\Admin.php(26): CodeIgniter\Debug\Exceptions->errorHandler(4096, 'Object of class...', 'E:\\CodingFork\\a...', 26, Array)
#1 E:\CodingFork\autosarisari\vendor\codeigniter4\framework\system\CodeIgniter.php(918): App\Controllers\Admin->create()
#2 E:\CodingFork\autosarisari\vendor\codeigniter4\framework\system\CodeIgniter.php(404): CodeIgniter\CodeIgniter->runController(Object(App\Controllers\Admin))
#3 E:\CodingFork\autosarisari\vendor\codeigniter4\framework\system\CodeIgniter.php(312): CodeIgniter\CodeIgniter->handleRequest(NULL, Object(Config\Cache), false)
#4 E:\CodingFork\autosarisari\public\index.php(45): CodeIgniter\CodeIgniter->run()
#5 E:\CodingFork\autosarisari\vendor\codeigniter4\framework\system\Commands\Server\rewrite.php(34): require_once('E:\\CodingFork\\a...')
#6 {main}
CRITICAL - 2020-09-14 13:39:55 --> syntax error, unexpected ','
#0 E:\CodingFork\autosarisari\vendor\codeigniter4\framework\system\Autoloader\Autoloader.php(296): CodeIgniter\Autoloader\Autoloader->requireFile('E:\\CodingFork\\a...')
#1 E:\CodingFork\autosarisari\vendor\codeigniter4\framework\system\Autoloader\Autoloader.php(258): CodeIgniter\Autoloader\Autoloader->loadInNamespace('App\\Controllers...')
#2 [internal function]: CodeIgniter\Autoloader\Autoloader->loadClass('App\\Controllers...')
#3 [internal function]: spl_autoload_call('App\\Controllers...')
#4 E:\CodingFork\autosarisari\vendor\codeigniter4\framework\system\CodeIgniter.php(869): class_exists('\\App\\Controller...', true)
#5 E:\CodingFork\autosarisari\vendor\codeigniter4\framework\system\CodeIgniter.php(394): CodeIgniter\CodeIgniter->startController()
#6 E:\CodingFork\autosarisari\vendor\codeigniter4\framework\system\CodeIgniter.php(312): CodeIgniter\CodeIgniter->handleRequest(NULL, Object(Config\Cache), false)
#7 E:\CodingFork\autosarisari\public\index.php(45): CodeIgniter\CodeIgniter->run()
#8 E:\CodingFork\autosarisari\vendor\codeigniter4\framework\system\Commands\Server\rewrite.php(34): require_once('E:\\CodingFork\\a...')
#9 {main}
CRITICAL - 2020-09-14 13:55:55 --> syntax error, unexpected '$data' (T_VARIABLE)
#0 E:\CodingFork\autosarisari\vendor\codeigniter4\framework\system\Autoloader\Autoloader.php(296): CodeIgniter\Autoloader\Autoloader->requireFile('E:\\CodingFork\\a...')
#1 E:\CodingFork\autosarisari\vendor\codeigniter4\framework\system\Autoloader\Autoloader.php(258): CodeIgniter\Autoloader\Autoloader->loadInNamespace('App\\Controllers...')
#2 [internal function]: CodeIgniter\Autoloader\Autoloader->loadClass('App\\Controllers...')
#3 [internal function]: spl_autoload_call('App\\Controllers...')
#4 E:\CodingFork\autosarisari\vendor\codeigniter4\framework\system\CodeIgniter.php(869): class_exists('\\App\\Controller...', true)
#5 E:\CodingFork\autosarisari\vendor\codeigniter4\framework\system\CodeIgniter.php(394): CodeIgniter\CodeIgniter->startController()
#6 E:\CodingFork\autosarisari\vendor\codeigniter4\framework\system\CodeIgniter.php(312): CodeIgniter\CodeIgniter->handleRequest(NULL, Object(Config\Cache), false)
#7 E:\CodingFork\autosarisari\public\index.php(45): CodeIgniter\CodeIgniter->run()
#8 E:\CodingFork\autosarisari\vendor\codeigniter4\framework\system\Commands\Server\rewrite.php(34): require_once('E:\\CodingFork\\a...')
#9 {main}
CRITICAL - 2020-09-14 13:56:06 --> Undefined index: table
#0 E:\CodingFork\autosarisari\app\Models\CoreModel.php(26): CodeIgniter\Debug\Exceptions->errorHandler(8, 'Undefined index...', 'E:\\CodingFork\\a...', 26, Array)
#1 E:\CodingFork\autosarisari\app\Controllers\Admin.php(65): App\Models\CoreModel->getData(Array, 'item')
#2 E:\CodingFork\autosarisari\vendor\codeigniter4\framework\system\CodeIgniter.php(918): App\Controllers\Admin->view()
#3 E:\CodingFork\autosarisari\vendor\codeigniter4\framework\system\CodeIgniter.php(404): CodeIgniter\CodeIgniter->runController(Object(App\Controllers\Admin))
#4 E:\CodingFork\autosarisari\vendor\codeigniter4\framework\system\CodeIgniter.php(312): CodeIgniter\CodeIgniter->handleRequest(NULL, Object(Config\Cache), false)
#5 E:\CodingFork\autosarisari\public\index.php(45): CodeIgniter\CodeIgniter->run()
#6 E:\CodingFork\autosarisari\vendor\codeigniter4\framework\system\Commands\Server\rewrite.php(34): require_once('E:\\CodingFork\\a...')
#7 {main}
CRITICAL - 2020-09-14 14:06:37 --> syntax error, unexpected ';'
#0 E:\CodingFork\autosarisari\vendor\codeigniter4\framework\system\Autoloader\Autoloader.php(296): CodeIgniter\Autoloader\Autoloader->requireFile('E:\\CodingFork\\a...')
#1 E:\CodingFork\autosarisari\vendor\codeigniter4\framework\system\Autoloader\Autoloader.php(258): CodeIgniter\Autoloader\Autoloader->loadInNamespace('App\\Models\\Core...')
#2 [internal function]: CodeIgniter\Autoloader\Autoloader->loadClass('App\\Models\\Core...')
#3 E:\CodingFork\autosarisari\app\Controllers\BaseController.php(47): spl_autoload_call('App\\Models\\Core...')
#4 E:\CodingFork\autosarisari\vendor\codeigniter4\framework\system\CodeIgniter.php(891): App\Controllers\BaseController->initController(Object(CodeIgniter\HTTP\IncomingRequest), Object(CodeIgniter\HTTP\Response), Object(CodeIgniter\Log\Logger))
#5 E:\CodingFork\autosarisari\vendor\codeigniter4\framework\system\CodeIgniter.php(399): CodeIgniter\CodeIgniter->createController()
#6 E:\CodingFork\autosarisari\vendor\codeigniter4\framework\system\CodeIgniter.php(312): CodeIgniter\CodeIgniter->handleRequest(NULL, Object(Config\Cache), false)
#7 E:\CodingFork\autosarisari\public\index.php(45): CodeIgniter\CodeIgniter->run()
#8 E:\CodingFork\autosarisari\vendor\codeigniter4\framework\system\Commands\Server\rewrite.php(34): require_once('E:\\CodingFork\\a...')
#9 {main}
CRITICAL - 2020-09-14 14:11:02 --> count(): Parameter must be an array or an object that implements Countable
#0 [internal function]: CodeIgniter\Debug\Exceptions->errorHandler(2, 'count(): Parame...', 'E:\\CodingFork\\a...', 69, Array)
#1 E:\CodingFork\autosarisari\app\Controllers\Admin.php(69): count('id')
#2 E:\CodingFork\autosarisari\vendor\codeigniter4\framework\system\CodeIgniter.php(918): App\Controllers\Admin->view()
#3 E:\CodingFork\autosarisari\vendor\codeigniter4\framework\system\CodeIgniter.php(404): CodeIgniter\CodeIgniter->runController(Object(App\Controllers\Admin))
#4 E:\CodingFork\autosarisari\vendor\codeigniter4\framework\system\CodeIgniter.php(312): CodeIgniter\CodeIgniter->handleRequest(NULL, Object(Config\Cache), false)
#5 E:\CodingFork\autosarisari\public\index.php(45): CodeIgniter\CodeIgniter->run()
#6 E:\CodingFork\autosarisari\vendor\codeigniter4\framework\system\Commands\Server\rewrite.php(34): require_once('E:\\CodingFork\\a...')
#7 {main}
CRITICAL - 2020-09-14 14:13:02 --> count(): Parameter must be an array or an object that implements Countable
#0 [internal function]: CodeIgniter\Debug\Exceptions->errorHandler(2, 'count(): Parame...', 'E:\\CodingFork\\a...', 69, Array)
#1 E:\CodingFork\autosarisari\app\Controllers\Admin.php(69): count('array')
#2 E:\CodingFork\autosarisari\vendor\codeigniter4\framework\system\CodeIgniter.php(918): App\Controllers\Admin->view()
#3 E:\CodingFork\autosarisari\vendor\codeigniter4\framework\system\CodeIgniter.php(404): CodeIgniter\CodeIgniter->runController(Object(App\Controllers\Admin))
#4 E:\CodingFork\autosarisari\vendor\codeigniter4\framework\system\CodeIgniter.php(312): CodeIgniter\CodeIgniter->handleRequest(NULL, Object(Config\Cache), false)
#5 E:\CodingFork\autosarisari\public\index.php(45): CodeIgniter\CodeIgniter->run()
#6 E:\CodingFork\autosarisari\vendor\codeigniter4\framework\system\Commands\Server\rewrite.php(34): require_once('E:\\CodingFork\\a...')
#7 {main}
CRITICAL - 2020-09-14 14:14:21 --> syntax error, unexpected '['
#0 E:\CodingFork\autosarisari\vendor\codeigniter4\framework\system\Autoloader\Autoloader.php(296): CodeIgniter\Autoloader\Autoloader->requireFile('E:\\CodingFork\\a...')
#1 E:\CodingFork\autosarisari\vendor\codeigniter4\framework\system\Autoloader\Autoloader.php(258): CodeIgniter\Autoloader\Autoloader->loadInNamespace('App\\Models\\Core...')
#2 [internal function]: CodeIgniter\Autoloader\Autoloader->loadClass('App\\Models\\Core...')
#3 E:\CodingFork\autosarisari\app\Controllers\BaseController.php(47): spl_autoload_call('App\\Models\\Core...')
#4 E:\CodingFork\autosarisari\vendor\codeigniter4\framework\system\CodeIgniter.php(891): App\Controllers\BaseController->initController(Object(CodeIgniter\HTTP\IncomingRequest), Object(CodeIgniter\HTTP\Response), Object(CodeIgniter\Log\Logger))
#5 E:\CodingFork\autosarisari\vendor\codeigniter4\framework\system\CodeIgniter.php(399): CodeIgniter\CodeIgniter->createController()
#6 E:\CodingFork\autosarisari\vendor\codeigniter4\framework\system\CodeIgniter.php(312): CodeIgniter\CodeIgniter->handleRequest(NULL, Object(Config\Cache), false)
#7 E:\CodingFork\autosarisari\public\index.php(45): CodeIgniter\CodeIgniter->run()
#8 E:\CodingFork\autosarisari\vendor\codeigniter4\framework\system\Commands\Server\rewrite.php(34): require_once('E:\\CodingFork\\a...')
#9 {main}
CRITICAL - 2020-09-14 15:12:33 --> syntax error, unexpected '$update' (T_VARIABLE)
#0 E:\CodingFork\autosarisari\vendor\codeigniter4\framework\system\Autoloader\Autoloader.php(296): CodeIgniter\Autoloader\Autoloader->requireFile('E:\\CodingFork\\a...')
#1 E:\CodingFork\autosarisari\vendor\codeigniter4\framework\system\Autoloader\Autoloader.php(258): CodeIgniter\Autoloader\Autoloader->loadInNamespace('App\\Controllers...')
#2 [internal function]: CodeIgniter\Autoloader\Autoloader->loadClass('App\\Controllers...')
#3 [internal function]: spl_autoload_call('App\\Controllers...')
#4 E:\CodingFork\autosarisari\vendor\codeigniter4\framework\system\CodeIgniter.php(869): class_exists('\\App\\Controller...', true)
#5 E:\CodingFork\autosarisari\vendor\codeigniter4\framework\system\CodeIgniter.php(394): CodeIgniter\CodeIgniter->startController()
#6 E:\CodingFork\autosarisari\vendor\codeigniter4\framework\system\CodeIgniter.php(312): CodeIgniter\CodeIgniter->handleRequest(NULL, Object(Config\Cache), false)
#7 E:\CodingFork\autosarisari\public\index.php(45): CodeIgniter\CodeIgniter->run()
#8 E:\CodingFork\autosarisari\vendor\codeigniter4\framework\system\Commands\Server\rewrite.php(34): require_once('E:\\CodingFork\\a...')
#9 {main}
CRITICAL - 2020-09-14 15:12:53 --> Undefined offset: 0
#0 E:\CodingFork\autosarisari\app\Controllers\Admin.php(90): CodeIgniter\Debug\Exceptions->errorHandler(8, 'Undefined offse...', 'E:\\CodingFork\\a...', 90, Array)
#1 E:\CodingFork\autosarisari\vendor\codeigniter4\framework\system\CodeIgniter.php(918): App\Controllers\Admin->getSpecific()
#2 E:\CodingFork\autosarisari\vendor\codeigniter4\framework\system\CodeIgniter.php(404): CodeIgniter\CodeIgniter->runController(Object(App\Controllers\Admin))
#3 E:\CodingFork\autosarisari\vendor\codeigniter4\framework\system\CodeIgniter.php(312): CodeIgniter\CodeIgniter->handleRequest(NULL, Object(Config\Cache), false)
#4 E:\CodingFork\autosarisari\public\index.php(45): CodeIgniter\CodeIgniter->run()
#5 E:\CodingFork\autosarisari\vendor\codeigniter4\framework\system\Commands\Server\rewrite.php(34): require_once('E:\\CodingFork\\a...')
#6 {main}
CRITICAL - 2020-09-14 15:14:23 --> Undefined offset: 0
#0 E:\CodingFork\autosarisari\app\Controllers\Admin.php(90): CodeIgniter\Debug\Exceptions->errorHandler(8, 'Undefined offse...', 'E:\\CodingFork\\a...', 90, Array)
#1 E:\CodingFork\autosarisari\vendor\codeigniter4\framework\system\CodeIgniter.php(918): App\Controllers\Admin->getSpecific()
#2 E:\CodingFork\autosarisari\vendor\codeigniter4\framework\system\CodeIgniter.php(404): CodeIgniter\CodeIgniter->runController(Object(App\Controllers\Admin))
#3 E:\CodingFork\autosarisari\vendor\codeigniter4\framework\system\CodeIgniter.php(312): CodeIgniter\CodeIgniter->handleRequest(NULL, Object(Config\Cache), false)
#4 E:\CodingFork\autosarisari\public\index.php(45): CodeIgniter\CodeIgniter->run()
#5 E:\CodingFork\autosarisari\vendor\codeigniter4\framework\system\Commands\Server\rewrite.php(34): require_once('E:\\CodingFork\\a...')
#6 {main}
CRITICAL - 2020-09-14 15:16:18 --> Illegal parameter data types int and row for operation '='
#0 E:\CodingFork\autosarisari\vendor\codeigniter4\framework\system\Database\MySQLi\Connection.php(331): mysqli->query('UPDATE `stock` ...')
#1 E:\CodingFork\autosarisari\vendor\codeigniter4\framework\system\Database\BaseConnection.php(741): CodeIgniter\Database\MySQLi\Connection->execute('UPDATE `stock` ...')
#2 E:\CodingFork\autosarisari\vendor\codeigniter4\framework\system\Database\BaseConnection.php(669): CodeIgniter\Database\BaseConnection->simpleQuery('UPDATE `stock` ...')
#3 E:\CodingFork\autosarisari\vendor\codeigniter4\framework\system\Database\BaseBuilder.php(2456): CodeIgniter\Database\BaseConnection->query('UPDATE `stock` ...', Array, false)
#4 E:\CodingFork\autosarisari\app\Models\CoreModel.php(59): CodeIgniter\Database\BaseBuilder->update(Array)
#5 E:\CodingFork\autosarisari\app\Controllers\Admin.php(112): App\Models\CoreModel->updateData(Array, Array, 'stock')
#6 E:\CodingFork\autosarisari\vendor\codeigniter4\framework\system\CodeIgniter.php(918): App\Controllers\Admin->addStock()
#7 E:\CodingFork\autosarisari\vendor\codeigniter4\framework\system\CodeIgniter.php(404): CodeIgniter\CodeIgniter->runController(Object(App\Controllers\Admin))
#8 E:\CodingFork\autosarisari\vendor\codeigniter4\framework\system\CodeIgniter.php(312): CodeIgniter\CodeIgniter->handleRequest(NULL, Object(Config\Cache), false)
#9 E:\CodingFork\autosarisari\public\index.php(45): CodeIgniter\CodeIgniter->run()
#10 E:\CodingFork\autosarisari\vendor\codeigniter4\framework\system\Commands\Server\rewrite.php(34): require_once('E:\\CodingFork\\a...')
#11 {main}
CRITICAL - 2020-09-14 15:17:00 --> Illegal parameter data types int and row for operation '='
#0 E:\CodingFork\autosarisari\vendor\codeigniter4\framework\system\Database\MySQLi\Connection.php(331): mysqli->query('UPDATE `stock` ...')
#1 E:\CodingFork\autosarisari\vendor\codeigniter4\framework\system\Database\BaseConnection.php(741): CodeIgniter\Database\MySQLi\Connection->execute('UPDATE `stock` ...')
#2 E:\CodingFork\autosarisari\vendor\codeigniter4\framework\system\Database\BaseConnection.php(669): CodeIgniter\Database\BaseConnection->simpleQuery('UPDATE `stock` ...')
#3 E:\CodingFork\autosarisari\vendor\codeigniter4\framework\system\Database\BaseBuilder.php(2456): CodeIgniter\Database\BaseConnection->query('UPDATE `stock` ...', Array, false)
#4 E:\CodingFork\autosarisari\app\Models\CoreModel.php(59): CodeIgniter\Database\BaseBuilder->update(Array)
#5 E:\CodingFork\autosarisari\app\Controllers\Admin.php(112): App\Models\CoreModel->updateData(Array, Array, 'stock')
#6 E:\CodingFork\autosarisari\vendor\codeigniter4\framework\system\CodeIgniter.php(918): App\Controllers\Admin->addStock()
#7 E:\CodingFork\autosarisari\vendor\codeigniter4\framework\system\CodeIgniter.php(404): CodeIgniter\CodeIgniter->runController(Object(App\Controllers\Admin))
#8 E:\CodingFork\autosarisari\vendor\codeigniter4\framework\system\CodeIgniter.php(312): CodeIgniter\CodeIgniter->handleRequest(NULL, Object(Config\Cache), false)
#9 E:\CodingFork\autosarisari\public\index.php(45): CodeIgniter\CodeIgniter->run()
#10 E:\CodingFork\autosarisari\vendor\codeigniter4\framework\system\Commands\Server\rewrite.php(34): require_once('E:\\CodingFork\\a...')
#11 {main}
CRITICAL - 2020-09-14 15:17:14 --> Illegal parameter data types int and row for operation '='
#0 E:\CodingFork\autosarisari\vendor\codeigniter4\framework\system\Database\MySQLi\Connection.php(331): mysqli->query('UPDATE `stock` ...')
#1 E:\CodingFork\autosarisari\vendor\codeigniter4\framework\system\Database\BaseConnection.php(741): CodeIgniter\Database\MySQLi\Connection->execute('UPDATE `stock` ...')
#2 E:\CodingFork\autosarisari\vendor\codeigniter4\framework\system\Database\BaseConnection.php(669): CodeIgniter\Database\BaseConnection->simpleQuery('UPDATE `stock` ...')
#3 E:\CodingFork\autosarisari\vendor\codeigniter4\framework\system\Database\BaseBuilder.php(2456): CodeIgniter\Database\BaseConnection->query('UPDATE `stock` ...', Array, false)
#4 E:\CodingFork\autosarisari\app\Models\CoreModel.php(59): CodeIgniter\Database\BaseBuilder->update(Array)
#5 E:\CodingFork\autosarisari\app\Controllers\Admin.php(112): App\Models\CoreModel->updateData(Array, Array, 'stock')
#6 E:\CodingFork\autosarisari\vendor\codeigniter4\framework\system\CodeIgniter.php(918): App\Controllers\Admin->addStock()
#7 E:\CodingFork\autosarisari\vendor\codeigniter4\framework\system\CodeIgniter.php(404): CodeIgniter\CodeIgniter->runController(Object(App\Controllers\Admin))
#8 E:\CodingFork\autosarisari\vendor\codeigniter4\framework\system\CodeIgniter.php(312): CodeIgniter\CodeIgniter->handleRequest(NULL, Object(Config\Cache), false)
#9 E:\CodingFork\autosarisari\public\index.php(45): CodeIgniter\CodeIgniter->run()
#10 E:\CodingFork\autosarisari\vendor\codeigniter4\framework\system\Commands\Server\rewrite.php(34): require_once('E:\\CodingFork\\a...')
#11 {main}
CRITICAL - 2020-09-14 15:21:43 --> Unknown column 'is_deleted' in 'where clause'
#0 E:\CodingFork\autosarisari\vendor\codeigniter4\framework\system\Database\MySQLi\Connection.php(331): mysqli->query('SELECT `item`.`...')
#1 E:\CodingFork\autosarisari\vendor\codeigniter4\framework\system\Database\BaseConnection.php(741): CodeIgniter\Database\MySQLi\Connection->execute('SELECT `item`.`...')
#2 E:\CodingFork\autosarisari\vendor\codeigniter4\framework\system\Database\BaseConnection.php(669): CodeIgniter\Database\BaseConnection->simpleQuery('SELECT `item`.`...')
#3 E:\CodingFork\autosarisari\vendor\codeigniter4\framework\system\Database\BaseBuilder.php(1860): CodeIgniter\Database\BaseConnection->query('SELECT `item`.`...', Array, false)
#4 E:\CodingFork\autosarisari\app\Models\CoreModel.php(34): CodeIgniter\Database\BaseBuilder->get(5, 0)
#5 E:\CodingFork\autosarisari\app\Controllers\Admin.php(69): App\Models\CoreModel->getData(Array, 'item')
#6 E:\CodingFork\autosarisari\vendor\codeigniter4\framework\system\CodeIgniter.php(918): App\Controllers\Admin->view()
#7 E:\CodingFork\autosarisari\vendor\codeigniter4\framework\system\CodeIgniter.php(404): CodeIgniter\CodeIgniter->runController(Object(App\Controllers\Admin))
#8 E:\CodingFork\autosarisari\vendor\codeigniter4\framework\system\CodeIgniter.php(312): CodeIgniter\CodeIgniter->handleRequest(NULL, Object(Config\Cache), false)
#9 E:\CodingFork\autosarisari\public\index.php(45): CodeIgniter\CodeIgniter->run()
#10 E:\CodingFork\autosarisari\vendor\codeigniter4\framework\system\Commands\Server\rewrite.php(34): require_once('E:\\CodingFork\\a...')
#11 {main}
CRITICAL - 2020-09-14 17:01:44 --> syntax error, unexpected ')'
#0 E:\CodingFork\autosarisari\vendor\codeigniter4\framework\system\Autoloader\Autoloader.php(296): CodeIgniter\Autoloader\Autoloader->requireFile('E:\\CodingFork\\a...')
#1 E:\CodingFork\autosarisari\vendor\codeigniter4\framework\system\Autoloader\Autoloader.php(258): CodeIgniter\Autoloader\Autoloader->loadInNamespace('App\\Controllers...')
#2 [internal function]: CodeIgniter\Autoloader\Autoloader->loadClass('App\\Controllers...')
#3 [internal function]: spl_autoload_call('App\\Controllers...')
#4 E:\CodingFork\autosarisari\vendor\codeigniter4\framework\system\CodeIgniter.php(869): class_exists('\\App\\Controller...', true)
#5 E:\CodingFork\autosarisari\vendor\codeigniter4\framework\system\CodeIgniter.php(394): CodeIgniter\CodeIgniter->startController()
#6 E:\CodingFork\autosarisari\vendor\codeigniter4\framework\system\CodeIgniter.php(312): CodeIgniter\CodeIgniter->handleRequest(NULL, Object(Config\Cache), false)
#7 E:\CodingFork\autosarisari\public\index.php(45): CodeIgniter\CodeIgniter->run()
#8 E:\CodingFork\autosarisari\vendor\codeigniter4\framework\system\Commands\Server\rewrite.php(34): require_once('E:\\CodingFork\\a...')
#9 {main}
