CRITICAL - 2020-09-26 06:38:36 --> Undefined offset: 0
#0 E:\CodingFork\smartCage\app\Controllers\Auth.php(20): CodeIgniter\Debug\Exceptions->errorHandler(8, 'Undefined offse...', 'E:\\CodingFork\\s...', 20, Array)
#1 E:\CodingFork\smartCage\vendor\codeigniter4\framework\system\CodeIgniter.php(918): App\Controllers\Auth->handleLogin()
#2 E:\CodingFork\smartCage\vendor\codeigniter4\framework\system\CodeIgniter.php(404): CodeIgniter\CodeIgniter->runController(Object(App\Controllers\Auth))
#3 E:\CodingFork\smartCage\vendor\codeigniter4\framework\system\CodeIgniter.php(312): CodeIgniter\CodeIgniter->handleRequest(NULL, Object(Config\Cache), false)
#4 E:\CodingFork\smartCage\public\index.php(45): CodeIgniter\CodeIgniter->run()
#5 E:\CodingFork\smartCage\vendor\codeigniter4\framework\system\Commands\Server\rewrite.php(34): require_once('E:\\CodingFork\\s...')
#6 {main}
CRITICAL - 2020-09-26 07:49:32 --> syntax error, unexpected ')'
#0 E:\CodingFork\smartCage\vendor\codeigniter4\framework\system\Common.php(1119): CodeIgniter\View\View->render('baselayout/head...', Array, true)
#1 E:\CodingFork\smartCage\app\Controllers\BaseController.php(56): view('baselayout/head...', Array)
#2 E:\CodingFork\smartCage\app\Controllers\LandingPage.php(14): App\Controllers\BaseController->loadLayout('content/landing...', Array, false, false, false)
#3 E:\CodingFork\smartCage\vendor\codeigniter4\framework\system\CodeIgniter.php(918): App\Controllers\LandingPage->index()
#4 E:\CodingFork\smartCage\vendor\codeigniter4\framework\system\CodeIgniter.php(404): CodeIgniter\CodeIgniter->runController(Object(App\Controllers\LandingPage))
#5 E:\CodingFork\smartCage\vendor\codeigniter4\framework\system\CodeIgniter.php(312): CodeIgniter\CodeIgniter->handleRequest(NULL, Object(Config\Cache), false)
#6 E:\CodingFork\smartCage\public\index.php(45): CodeIgniter\CodeIgniter->run()
#7 E:\CodingFork\smartCage\vendor\codeigniter4\framework\system\Commands\Server\rewrite.php(34): require_once('E:\\CodingFork\\s...')
#8 {main}
CRITICAL - 2020-09-26 13:23:34 --> Unknown column 'account.date_created' in 'field list'
#0 E:\CodingFork\cftracker-v2\vendor\codeigniter4\framework\system\Database\MySQLi\Connection.php(331): mysqli->query('SELECT `user_in...')
#1 E:\CodingFork\cftracker-v2\vendor\codeigniter4\framework\system\Database\BaseConnection.php(741): CodeIgniter\Database\MySQLi\Connection->execute('SELECT `user_in...')
#2 E:\CodingFork\cftracker-v2\vendor\codeigniter4\framework\system\Database\BaseConnection.php(669): CodeIgniter\Database\BaseConnection->simpleQuery('SELECT `user_in...')
#3 E:\CodingFork\cftracker-v2\vendor\codeigniter4\framework\system\Database\BaseBuilder.php(1860): CodeIgniter\Database\BaseConnection->query('SELECT `user_in...', Array, false)
#4 E:\CodingFork\cftracker-v2\app\Models\CoreModel.php(43): CodeIgniter\Database\BaseBuilder->get(5, 0)
#5 E:\CodingFork\cftracker-v2\app\Controllers\Admin.php(147): App\Models\CoreModel->getData(Array, 'account')
#6 E:\CodingFork\cftracker-v2\vendor\codeigniter4\framework\system\CodeIgniter.php(918): App\Controllers\Admin->view()
#7 E:\CodingFork\cftracker-v2\vendor\codeigniter4\framework\system\CodeIgniter.php(404): CodeIgniter\CodeIgniter->runController(Object(App\Controllers\Admin))
#8 E:\CodingFork\cftracker-v2\vendor\codeigniter4\framework\system\CodeIgniter.php(312): CodeIgniter\CodeIgniter->handleRequest(NULL, Object(Config\Cache), false)
#9 E:\CodingFork\cftracker-v2\public\index.php(45): CodeIgniter\CodeIgniter->run()
#10 E:\CodingFork\cftracker-v2\vendor\codeigniter4\framework\system\Commands\Server\rewrite.php(34): require_once('E:\\CodingFork\\c...')
#11 {main}
CRITICAL - 2020-09-26 14:17:23 --> Table 'taskmanager.item' doesn't exist
#0 E:\CodingFork\cftracker-v2\vendor\codeigniter4\framework\system\Database\MySQLi\Connection.php(331): mysqli->query('UPDATE `item` S...')
#1 E:\CodingFork\cftracker-v2\vendor\codeigniter4\framework\system\Database\BaseConnection.php(741): CodeIgniter\Database\MySQLi\Connection->execute('UPDATE `item` S...')
#2 E:\CodingFork\cftracker-v2\vendor\codeigniter4\framework\system\Database\BaseConnection.php(669): CodeIgniter\Database\BaseConnection->simpleQuery('UPDATE `item` S...')
#3 E:\CodingFork\cftracker-v2\vendor\codeigniter4\framework\system\Database\BaseBuilder.php(2456): CodeIgniter\Database\BaseConnection->query('UPDATE `item` S...', Array, false)
#4 E:\CodingFork\cftracker-v2\app\Models\CoreModel.php(68): CodeIgniter\Database\BaseBuilder->update(Array)
#5 E:\CodingFork\cftracker-v2\app\Controllers\Admin.php(105): App\Models\CoreModel->updateData(Array, Array, 'item')
#6 E:\CodingFork\cftracker-v2\vendor\codeigniter4\framework\system\CodeIgniter.php(918): App\Controllers\Admin->updateItem()
#7 E:\CodingFork\cftracker-v2\vendor\codeigniter4\framework\system\CodeIgniter.php(404): CodeIgniter\CodeIgniter->runController(Object(App\Controllers\Admin))
#8 E:\CodingFork\cftracker-v2\vendor\codeigniter4\framework\system\CodeIgniter.php(312): CodeIgniter\CodeIgniter->handleRequest(NULL, Object(Config\Cache), false)
#9 E:\CodingFork\cftracker-v2\public\index.php(45): CodeIgniter\CodeIgniter->run()
#10 E:\CodingFork\cftracker-v2\vendor\codeigniter4\framework\system\Commands\Server\rewrite.php(34): require_once('E:\\CodingFork\\c...')
#11 {main}
CRITICAL - 2020-09-26 16:39:12 --> Invalid file: content/program/program.php
#0 E:\CodingFork\cftracker-v2\vendor\codeigniter4\framework\system\View\View.php(228): CodeIgniter\Exceptions\FrameworkException::forInvalidFile('content/program...')
#1 E:\CodingFork\cftracker-v2\vendor\codeigniter4\framework\system\Common.php(1119): CodeIgniter\View\View->render('content/program...', Array, true)
#2 E:\CodingFork\cftracker-v2\app\Controllers\BaseController.php(58): view('content/program...', Array)
#3 E:\CodingFork\cftracker-v2\app\Controllers\Project.php(13): App\Controllers\BaseController->loadLayout('content/program...')
#4 E:\CodingFork\cftracker-v2\vendor\codeigniter4\framework\system\CodeIgniter.php(918): App\Controllers\Project->index()
#5 E:\CodingFork\cftracker-v2\vendor\codeigniter4\framework\system\CodeIgniter.php(404): CodeIgniter\CodeIgniter->runController(Object(App\Controllers\Project))
#6 E:\CodingFork\cftracker-v2\vendor\codeigniter4\framework\system\CodeIgniter.php(312): CodeIgniter\CodeIgniter->handleRequest(NULL, Object(Config\Cache), false)
#7 E:\CodingFork\cftracker-v2\public\index.php(45): CodeIgniter\CodeIgniter->run()
#8 E:\CodingFork\cftracker-v2\vendor\codeigniter4\framework\system\Commands\Server\rewrite.php(34): require_once('E:\\CodingFork\\c...')
#9 {main}
CRITICAL - 2020-09-26 17:21:26 --> Table 'taskmanager.projects' doesn't exist
#0 E:\CodingFork\cftracker-v2\vendor\codeigniter4\framework\system\Database\MySQLi\Connection.php(331): mysqli->query('SELECT *\nFROM `...')
#1 E:\CodingFork\cftracker-v2\vendor\codeigniter4\framework\system\Database\BaseConnection.php(741): CodeIgniter\Database\MySQLi\Connection->execute('SELECT *\nFROM `...')
#2 E:\CodingFork\cftracker-v2\vendor\codeigniter4\framework\system\Database\BaseConnection.php(669): CodeIgniter\Database\BaseConnection->simpleQuery('SELECT *\nFROM `...')
#3 E:\CodingFork\cftracker-v2\vendor\codeigniter4\framework\system\Database\BaseBuilder.php(1860): CodeIgniter\Database\BaseConnection->query('SELECT *\nFROM `...', Array, false)
#4 E:\CodingFork\cftracker-v2\app\Models\CoreModel.php(43): CodeIgniter\Database\BaseBuilder->get(5, 0)
#5 E:\CodingFork\cftracker-v2\app\Controllers\Project.php(23): App\Models\CoreModel->getData(Array, 'projects')
#6 E:\CodingFork\cftracker-v2\vendor\codeigniter4\framework\system\CodeIgniter.php(918): App\Controllers\Project->view()
#7 E:\CodingFork\cftracker-v2\vendor\codeigniter4\framework\system\CodeIgniter.php(404): CodeIgniter\CodeIgniter->runController(Object(App\Controllers\Project))
#8 E:\CodingFork\cftracker-v2\vendor\codeigniter4\framework\system\CodeIgniter.php(312): CodeIgniter\CodeIgniter->handleRequest(NULL, Object(Config\Cache), false)
#9 E:\CodingFork\cftracker-v2\public\index.php(45): CodeIgniter\CodeIgniter->run()
#10 E:\CodingFork\cftracker-v2\vendor\codeigniter4\framework\system\Commands\Server\rewrite.php(34): require_once('E:\\CodingFork\\c...')
#11 {main}
CRITICAL - 2020-09-26 17:40:43 --> Column 'is_deleted' in where clause is ambiguous
#0 E:\CodingFork\cftracker-v2\vendor\codeigniter4\framework\system\Database\MySQLi\Connection.php(331): mysqli->query('SELECT *, `proj...')
#1 E:\CodingFork\cftracker-v2\vendor\codeigniter4\framework\system\Database\BaseConnection.php(741): CodeIgniter\Database\MySQLi\Connection->execute('SELECT *, `proj...')
#2 E:\CodingFork\cftracker-v2\vendor\codeigniter4\framework\system\Database\BaseConnection.php(669): CodeIgniter\Database\BaseConnection->simpleQuery('SELECT *, `proj...')
#3 E:\CodingFork\cftracker-v2\vendor\codeigniter4\framework\system\Database\BaseBuilder.php(1860): CodeIgniter\Database\BaseConnection->query('SELECT *, `proj...', Array, false)
#4 E:\CodingFork\cftracker-v2\app\Models\CoreModel.php(43): CodeIgniter\Database\BaseBuilder->get(5, 0)
#5 E:\CodingFork\cftracker-v2\app\Controllers\Project.php(33): App\Models\CoreModel->getData(Array, 'project')
#6 E:\CodingFork\cftracker-v2\vendor\codeigniter4\framework\system\CodeIgniter.php(918): App\Controllers\Project->view()
#7 E:\CodingFork\cftracker-v2\vendor\codeigniter4\framework\system\CodeIgniter.php(404): CodeIgniter\CodeIgniter->runController(Object(App\Controllers\Project))
#8 E:\CodingFork\cftracker-v2\vendor\codeigniter4\framework\system\CodeIgniter.php(312): CodeIgniter\CodeIgniter->handleRequest(NULL, Object(Config\Cache), false)
#9 E:\CodingFork\cftracker-v2\public\index.php(45): CodeIgniter\CodeIgniter->run()
#10 E:\CodingFork\cftracker-v2\vendor\codeigniter4\framework\system\Commands\Server\rewrite.php(34): require_once('E:\\CodingFork\\c...')
#11 {main}
CRITICAL - 2020-09-26 18:09:43 --> Undefined index: compnay_name
#0 E:\CodingFork\cftracker-v2\app\Helpers\datafunc_helper.php(26): CodeIgniter\Debug\Exceptions->errorHandler(8, 'Undefined index...', 'E:\\CodingFork\\c...', 26, Array)
#1 E:\CodingFork\cftracker-v2\app\Views\content\project\modal.php(35): optionAccount()
#2 E:\CodingFork\cftracker-v2\app\Views\content\project\project.php(28): include('E:\\CodingFork\\c...')
#3 E:\CodingFork\cftracker-v2\vendor\codeigniter4\framework\system\View\View.php(246): include('E:\\CodingFork\\c...')
#4 E:\CodingFork\cftracker-v2\vendor\codeigniter4\framework\system\Common.php(1119): CodeIgniter\View\View->render('content/project...', Array, true)
#5 E:\CodingFork\cftracker-v2\app\Controllers\BaseController.php(58): view('content/project...', Array)
#6 E:\CodingFork\cftracker-v2\app\Controllers\Project.php(13): App\Controllers\BaseController->loadLayout('content/project...')
#7 E:\CodingFork\cftracker-v2\vendor\codeigniter4\framework\system\CodeIgniter.php(918): App\Controllers\Project->index()
#8 E:\CodingFork\cftracker-v2\vendor\codeigniter4\framework\system\CodeIgniter.php(404): CodeIgniter\CodeIgniter->runController(Object(App\Controllers\Project))
#9 E:\CodingFork\cftracker-v2\vendor\codeigniter4\framework\system\CodeIgniter.php(312): CodeIgniter\CodeIgniter->handleRequest(NULL, Object(Config\Cache), false)
#10 E:\CodingFork\cftracker-v2\public\index.php(45): CodeIgniter\CodeIgniter->run()
#11 E:\CodingFork\cftracker-v2\vendor\codeigniter4\framework\system\Commands\Server\rewrite.php(34): require_once('E:\\CodingFork\\c...')
#12 {main}
CRITICAL - 2020-09-26 18:15:14 --> Call to undefined method CodeIgniter\HTTP\IncomingRequest::getData()
#0 E:\CodingFork\cftracker-v2\vendor\codeigniter4\framework\system\CodeIgniter.php(918): App\Controllers\Project->create()
#1 E:\CodingFork\cftracker-v2\vendor\codeigniter4\framework\system\CodeIgniter.php(404): CodeIgniter\CodeIgniter->runController(Object(App\Controllers\Project))
#2 E:\CodingFork\cftracker-v2\vendor\codeigniter4\framework\system\CodeIgniter.php(312): CodeIgniter\CodeIgniter->handleRequest(NULL, Object(Config\Cache), false)
#3 E:\CodingFork\cftracker-v2\public\index.php(45): CodeIgniter\CodeIgniter->run()
#4 E:\CodingFork\cftracker-v2\vendor\codeigniter4\framework\system\Commands\Server\rewrite.php(34): require_once('E:\\CodingFork\\c...')
#5 {main}
CRITICAL - 2020-09-26 18:40:20 --> Too few arguments to function App\Models\CoreModel::getData(), 1 passed in E:\CodingFork\cftracker-v2\app\Controllers\Project.php on line 49 and exactly 2 expected
#0 E:\CodingFork\cftracker-v2\app\Controllers\Project.php(49): App\Models\CoreModel->getData('project')
#1 E:\CodingFork\cftracker-v2\vendor\codeigniter4\framework\system\CodeIgniter.php(918): App\Controllers\Project->view()
#2 E:\CodingFork\cftracker-v2\vendor\codeigniter4\framework\system\CodeIgniter.php(404): CodeIgniter\CodeIgniter->runController(Object(App\Controllers\Project))
#3 E:\CodingFork\cftracker-v2\vendor\codeigniter4\framework\system\CodeIgniter.php(312): CodeIgniter\CodeIgniter->handleRequest(NULL, Object(Config\Cache), false)
#4 E:\CodingFork\cftracker-v2\public\index.php(45): CodeIgniter\CodeIgniter->run()
#5 E:\CodingFork\cftracker-v2\vendor\codeigniter4\framework\system\Commands\Server\rewrite.php(34): require_once('E:\\CodingFork\\c...')
#6 {main}
CRITICAL - 2020-09-26 19:08:35 --> Unknown column 'project.status as p_status user_info.first_name' in 'field list'
#0 E:\CodingFork\cftracker-v2\vendor\codeigniter4\framework\system\Database\MySQLi\Connection.php(331): mysqli->query('SELECT *, `proj...')
#1 E:\CodingFork\cftracker-v2\vendor\codeigniter4\framework\system\Database\BaseConnection.php(741): CodeIgniter\Database\MySQLi\Connection->execute('SELECT *, `proj...')
#2 E:\CodingFork\cftracker-v2\vendor\codeigniter4\framework\system\Database\BaseConnection.php(669): CodeIgniter\Database\BaseConnection->simpleQuery('SELECT *, `proj...')
#3 E:\CodingFork\cftracker-v2\vendor\codeigniter4\framework\system\Database\BaseBuilder.php(1860): CodeIgniter\Database\BaseConnection->query('SELECT *, `proj...', Array, false)
#4 E:\CodingFork\cftracker-v2\app\Models\CoreModel.php(43): CodeIgniter\Database\BaseBuilder->get(5, 0)
#5 E:\CodingFork\cftracker-v2\app\Controllers\Project.php(61): App\Models\CoreModel->getData(Array, 'project')
#6 E:\CodingFork\cftracker-v2\vendor\codeigniter4\framework\system\CodeIgniter.php(918): App\Controllers\Project->view()
#7 E:\CodingFork\cftracker-v2\vendor\codeigniter4\framework\system\CodeIgniter.php(404): CodeIgniter\CodeIgniter->runController(Object(App\Controllers\Project))
#8 E:\CodingFork\cftracker-v2\vendor\codeigniter4\framework\system\CodeIgniter.php(312): CodeIgniter\CodeIgniter->handleRequest(NULL, Object(Config\Cache), false)
#9 E:\CodingFork\cftracker-v2\public\index.php(45): CodeIgniter\CodeIgniter->run()
#10 E:\CodingFork\cftracker-v2\vendor\codeigniter4\framework\system\Commands\Server\rewrite.php(34): require_once('E:\\CodingFork\\c...')
#11 {main}
CRITICAL - 2020-09-26 19:19:05 --> Undefined variable: lquery
#0 E:\CodingFork\cftracker-v2\app\Controllers\Project.php(104): CodeIgniter\Debug\Exceptions->errorHandler(8, 'Undefined varia...', 'E:\\CodingFork\\c...', 104, Array)
#1 E:\CodingFork\cftracker-v2\vendor\codeigniter4\framework\system\CodeIgniter.php(918): App\Controllers\Project->view()
#2 E:\CodingFork\cftracker-v2\vendor\codeigniter4\framework\system\CodeIgniter.php(404): CodeIgniter\CodeIgniter->runController(Object(App\Controllers\Project))
#3 E:\CodingFork\cftracker-v2\vendor\codeigniter4\framework\system\CodeIgniter.php(312): CodeIgniter\CodeIgniter->handleRequest(NULL, Object(Config\Cache), false)
#4 E:\CodingFork\cftracker-v2\public\index.php(45): CodeIgniter\CodeIgniter->run()
#5 E:\CodingFork\cftracker-v2\vendor\codeigniter4\framework\system\Commands\Server\rewrite.php(34): require_once('E:\\CodingFork\\c...')
#6 {main}
