CRITICAL - 2020-09-24 20:12:33 --> Call to a member function get() on null
#0 E:\CodingFork\smartCage\vendor\codeigniter4\framework\system\View\View.php(246): include()
#1 E:\CodingFork\smartCage\vendor\codeigniter4\framework\system\Common.php(1119): CodeIgniter\View\View->render('baselayout/side...', Array, true)
#2 E:\CodingFork\smartCage\app\Views\baselayout\header.php(19): view('baselayout/side...')
#3 E:\CodingFork\smartCage\vendor\codeigniter4\framework\system\View\View.php(246): include('E:\\CodingFork\\s...')
#4 E:\CodingFork\smartCage\vendor\codeigniter4\framework\system\Common.php(1119): CodeIgniter\View\View->render('baselayout/head...', Array, true)
#5 E:\CodingFork\smartCage\app\Controllers\BaseController.php(56): view('baselayout/head...', Array)
#6 E:\CodingFork\smartCage\app\Controllers\Admin.php(13): App\Controllers\BaseController->loadLayout('content/admin/a...')
#7 E:\CodingFork\smartCage\vendor\codeigniter4\framework\system\CodeIgniter.php(918): App\Controllers\Admin->index()
#8 E:\CodingFork\smartCage\vendor\codeigniter4\framework\system\CodeIgniter.php(404): CodeIgniter\CodeIgniter->runController(Object(App\Controllers\Admin))
#9 E:\CodingFork\smartCage\vendor\codeigniter4\framework\system\CodeIgniter.php(312): CodeIgniter\CodeIgniter->handleRequest(NULL, Object(Config\Cache), false)
#10 E:\CodingFork\smartCage\public\index.php(45): CodeIgniter\CodeIgniter->run()
#11 E:\CodingFork\smartCage\vendor\codeigniter4\framework\system\Commands\Server\rewrite.php(34): require_once('E:\\CodingFork\\s...')
#12 {main}
CRITICAL - 2020-09-24 20:13:24 --> Call to a member function get() on null
#0 E:\CodingFork\smartCage\vendor\codeigniter4\framework\system\View\View.php(246): include()
#1 E:\CodingFork\smartCage\vendor\codeigniter4\framework\system\Common.php(1119): CodeIgniter\View\View->render('baselayout/side...', Array, true)
#2 E:\CodingFork\smartCage\app\Views\baselayout\header.php(19): view('baselayout/side...')
#3 E:\CodingFork\smartCage\vendor\codeigniter4\framework\system\View\View.php(246): include('E:\\CodingFork\\s...')
#4 E:\CodingFork\smartCage\vendor\codeigniter4\framework\system\Common.php(1119): CodeIgniter\View\View->render('baselayout/head...', Array, true)
#5 E:\CodingFork\smartCage\app\Controllers\BaseController.php(56): view('baselayout/head...', Array)
#6 E:\CodingFork\smartCage\app\Controllers\Admin.php(13): App\Controllers\BaseController->loadLayout('content/admin/a...')
#7 E:\CodingFork\smartCage\vendor\codeigniter4\framework\system\CodeIgniter.php(918): App\Controllers\Admin->index()
#8 E:\CodingFork\smartCage\vendor\codeigniter4\framework\system\CodeIgniter.php(404): CodeIgniter\CodeIgniter->runController(Object(App\Controllers\Admin))
#9 E:\CodingFork\smartCage\vendor\codeigniter4\framework\system\CodeIgniter.php(312): CodeIgniter\CodeIgniter->handleRequest(NULL, Object(Config\Cache), false)
#10 E:\CodingFork\smartCage\public\index.php(45): CodeIgniter\CodeIgniter->run()
#11 E:\CodingFork\smartCage\vendor\codeigniter4\framework\system\Commands\Server\rewrite.php(34): require_once('E:\\CodingFork\\s...')
#12 {main}
CRITICAL - 2020-09-24 20:13:37 --> Call to a member function get() on null
#0 E:\CodingFork\smartCage\vendor\codeigniter4\framework\system\View\View.php(246): include()
#1 E:\CodingFork\smartCage\vendor\codeigniter4\framework\system\Common.php(1119): CodeIgniter\View\View->render('baselayout/side...', Array, true)
#2 E:\CodingFork\smartCage\app\Views\baselayout\header.php(19): view('baselayout/side...')
#3 E:\CodingFork\smartCage\vendor\codeigniter4\framework\system\View\View.php(246): include('E:\\CodingFork\\s...')
#4 E:\CodingFork\smartCage\vendor\codeigniter4\framework\system\Common.php(1119): CodeIgniter\View\View->render('baselayout/head...', Array, true)
#5 E:\CodingFork\smartCage\app\Controllers\BaseController.php(56): view('baselayout/head...', Array)
#6 E:\CodingFork\smartCage\app\Controllers\Admin.php(13): App\Controllers\BaseController->loadLayout('content/admin/a...')
#7 E:\CodingFork\smartCage\vendor\codeigniter4\framework\system\CodeIgniter.php(918): App\Controllers\Admin->index()
#8 E:\CodingFork\smartCage\vendor\codeigniter4\framework\system\CodeIgniter.php(404): CodeIgniter\CodeIgniter->runController(Object(App\Controllers\Admin))
#9 E:\CodingFork\smartCage\vendor\codeigniter4\framework\system\CodeIgniter.php(312): CodeIgniter\CodeIgniter->handleRequest(NULL, Object(Config\Cache), false)
#10 E:\CodingFork\smartCage\public\index.php(45): CodeIgniter\CodeIgniter->run()
#11 E:\CodingFork\smartCage\vendor\codeigniter4\framework\system\Commands\Server\rewrite.php(34): require_once('E:\\CodingFork\\s...')
#12 {main}
CRITICAL - 2020-09-24 20:14:29 --> Undefined variable: session
#0 E:\CodingFork\smartCage\app\Views\baselayout\sidebar.php(76): CodeIgniter\Debug\Exceptions->errorHandler(8, 'Undefined varia...', 'E:\\CodingFork\\s...', 76, Array)
#1 E:\CodingFork\smartCage\vendor\codeigniter4\framework\system\View\View.php(246): include('E:\\CodingFork\\s...')
#2 E:\CodingFork\smartCage\vendor\codeigniter4\framework\system\Common.php(1119): CodeIgniter\View\View->render('baselayout/side...', Array, true)
#3 E:\CodingFork\smartCage\app\Views\baselayout\header.php(19): view('baselayout/side...')
#4 E:\CodingFork\smartCage\vendor\codeigniter4\framework\system\View\View.php(246): include('E:\\CodingFork\\s...')
#5 E:\CodingFork\smartCage\vendor\codeigniter4\framework\system\Common.php(1119): CodeIgniter\View\View->render('baselayout/head...', Array, true)
#6 E:\CodingFork\smartCage\app\Controllers\BaseController.php(56): view('baselayout/head...', Array)
#7 E:\CodingFork\smartCage\app\Controllers\Admin.php(13): App\Controllers\BaseController->loadLayout('content/admin/a...')
#8 E:\CodingFork\smartCage\vendor\codeigniter4\framework\system\CodeIgniter.php(918): App\Controllers\Admin->index()
#9 E:\CodingFork\smartCage\vendor\codeigniter4\framework\system\CodeIgniter.php(404): CodeIgniter\CodeIgniter->runController(Object(App\Controllers\Admin))
#10 E:\CodingFork\smartCage\vendor\codeigniter4\framework\system\CodeIgniter.php(312): CodeIgniter\CodeIgniter->handleRequest(NULL, Object(Config\Cache), false)
#11 E:\CodingFork\smartCage\public\index.php(45): CodeIgniter\CodeIgniter->run()
#12 E:\CodingFork\smartCage\vendor\codeigniter4\framework\system\Commands\Server\rewrite.php(34): require_once('E:\\CodingFork\\s...')
#13 {main}
CRITICAL - 2020-09-24 20:17:34 --> Undefined variable: session
#0 E:\CodingFork\smartCage\app\Views\baselayout\sidebar.php(43): CodeIgniter\Debug\Exceptions->errorHandler(8, 'Undefined varia...', 'E:\\CodingFork\\s...', 43, Array)
#1 E:\CodingFork\smartCage\vendor\codeigniter4\framework\system\View\View.php(246): include('E:\\CodingFork\\s...')
#2 E:\CodingFork\smartCage\vendor\codeigniter4\framework\system\Common.php(1119): CodeIgniter\View\View->render('baselayout/side...', Array, true)
#3 E:\CodingFork\smartCage\app\Views\baselayout\header.php(19): view('baselayout/side...')
#4 E:\CodingFork\smartCage\vendor\codeigniter4\framework\system\View\View.php(246): include('E:\\CodingFork\\s...')
#5 E:\CodingFork\smartCage\vendor\codeigniter4\framework\system\Common.php(1119): CodeIgniter\View\View->render('baselayout/head...', Array, true)
#6 E:\CodingFork\smartCage\app\Controllers\BaseController.php(56): view('baselayout/head...', Array)
#7 E:\CodingFork\smartCage\app\Controllers\Admin.php(13): App\Controllers\BaseController->loadLayout('content/admin/a...')
#8 E:\CodingFork\smartCage\vendor\codeigniter4\framework\system\CodeIgniter.php(918): App\Controllers\Admin->index()
#9 E:\CodingFork\smartCage\vendor\codeigniter4\framework\system\CodeIgniter.php(404): CodeIgniter\CodeIgniter->runController(Object(App\Controllers\Admin))
#10 E:\CodingFork\smartCage\vendor\codeigniter4\framework\system\CodeIgniter.php(312): CodeIgniter\CodeIgniter->handleRequest(NULL, Object(Config\Cache), false)
#11 E:\CodingFork\smartCage\public\index.php(45): CodeIgniter\CodeIgniter->run()
#12 E:\CodingFork\smartCage\vendor\codeigniter4\framework\system\Commands\Server\rewrite.php(34): require_once('E:\\CodingFork\\s...')
#13 {main}
CRITICAL - 2020-09-24 20:20:54 --> Undefined variable: session
#0 E:\CodingFork\smartCage\app\Views\baselayout\sidebar.php(43): CodeIgniter\Debug\Exceptions->errorHandler(8, 'Undefined varia...', 'E:\\CodingFork\\s...', 43, Array)
#1 E:\CodingFork\smartCage\vendor\codeigniter4\framework\system\View\View.php(246): include('E:\\CodingFork\\s...')
#2 E:\CodingFork\smartCage\vendor\codeigniter4\framework\system\Common.php(1119): CodeIgniter\View\View->render('baselayout/side...', Array, true)
#3 E:\CodingFork\smartCage\app\Views\baselayout\header.php(19): view('baselayout/side...')
#4 E:\CodingFork\smartCage\vendor\codeigniter4\framework\system\View\View.php(246): include('E:\\CodingFork\\s...')
#5 E:\CodingFork\smartCage\vendor\codeigniter4\framework\system\Common.php(1119): CodeIgniter\View\View->render('baselayout/head...', Array, true)
#6 E:\CodingFork\smartCage\app\Controllers\BaseController.php(56): view('baselayout/head...', Array)
#7 E:\CodingFork\smartCage\app\Controllers\Admin.php(13): App\Controllers\BaseController->loadLayout('content/admin/a...')
#8 E:\CodingFork\smartCage\vendor\codeigniter4\framework\system\CodeIgniter.php(918): App\Controllers\Admin->index()
#9 E:\CodingFork\smartCage\vendor\codeigniter4\framework\system\CodeIgniter.php(404): CodeIgniter\CodeIgniter->runController(Object(App\Controllers\Admin))
#10 E:\CodingFork\smartCage\vendor\codeigniter4\framework\system\CodeIgniter.php(312): CodeIgniter\CodeIgniter->handleRequest(NULL, Object(Config\Cache), false)
#11 E:\CodingFork\smartCage\public\index.php(45): CodeIgniter\CodeIgniter->run()
#12 E:\CodingFork\smartCage\vendor\codeigniter4\framework\system\Commands\Server\rewrite.php(34): require_once('E:\\CodingFork\\s...')
#13 {main}
CRITICAL - 2020-09-24 20:21:56 --> Table 'sc_db.stock' doesn't exist
#0 E:\CodingFork\smartCage\vendor\codeigniter4\framework\system\Database\MySQLi\Connection.php(331): mysqli->query('SELECT `item`.`...')
#1 E:\CodingFork\smartCage\vendor\codeigniter4\framework\system\Database\BaseConnection.php(741): CodeIgniter\Database\MySQLi\Connection->execute('SELECT `item`.`...')
#2 E:\CodingFork\smartCage\vendor\codeigniter4\framework\system\Database\BaseConnection.php(669): CodeIgniter\Database\BaseConnection->simpleQuery('SELECT `item`.`...')
#3 E:\CodingFork\smartCage\vendor\codeigniter4\framework\system\Database\BaseBuilder.php(1860): CodeIgniter\Database\BaseConnection->query('SELECT `item`.`...', Array, false)
#4 E:\CodingFork\smartCage\app\Models\CoreModel.php(43): CodeIgniter\Database\BaseBuilder->get(5, 0)
#5 E:\CodingFork\smartCage\app\Controllers\Admin.php(30): App\Models\CoreModel->getData(Array, 'item')
#6 E:\CodingFork\smartCage\vendor\codeigniter4\framework\system\CodeIgniter.php(918): App\Controllers\Admin->view()
#7 E:\CodingFork\smartCage\vendor\codeigniter4\framework\system\CodeIgniter.php(404): CodeIgniter\CodeIgniter->runController(Object(App\Controllers\Admin))
#8 E:\CodingFork\smartCage\vendor\codeigniter4\framework\system\CodeIgniter.php(312): CodeIgniter\CodeIgniter->handleRequest(NULL, Object(Config\Cache), false)
#9 E:\CodingFork\smartCage\public\index.php(45): CodeIgniter\CodeIgniter->run()
#10 E:\CodingFork\smartCage\vendor\codeigniter4\framework\system\Commands\Server\rewrite.php(34): require_once('E:\\CodingFork\\s...')
#11 {main}
CRITICAL - 2020-09-24 20:22:12 --> Undefined index: item_id
#0 E:\CodingFork\smartCage\app\Views\baselayout\sidebar.php(44): CodeIgniter\Debug\Exceptions->errorHandler(8, 'Undefined index...', 'E:\\CodingFork\\s...', 44, Array)
#1 E:\CodingFork\smartCage\vendor\codeigniter4\framework\system\View\View.php(246): include('E:\\CodingFork\\s...')
#2 E:\CodingFork\smartCage\vendor\codeigniter4\framework\system\Common.php(1119): CodeIgniter\View\View->render('baselayout/side...', Array, true)
#3 E:\CodingFork\smartCage\app\Views\baselayout\header.php(19): view('baselayout/side...')
#4 E:\CodingFork\smartCage\vendor\codeigniter4\framework\system\View\View.php(246): include('E:\\CodingFork\\s...')
#5 E:\CodingFork\smartCage\vendor\codeigniter4\framework\system\Common.php(1119): CodeIgniter\View\View->render('baselayout/head...', Array, true)
#6 E:\CodingFork\smartCage\app\Controllers\BaseController.php(56): view('baselayout/head...', Array)
#7 E:\CodingFork\smartCage\app\Controllers\Admin.php(13): App\Controllers\BaseController->loadLayout('content/admin/a...')
#8 E:\CodingFork\smartCage\vendor\codeigniter4\framework\system\CodeIgniter.php(918): App\Controllers\Admin->index()
#9 E:\CodingFork\smartCage\vendor\codeigniter4\framework\system\CodeIgniter.php(404): CodeIgniter\CodeIgniter->runController(Object(App\Controllers\Admin))
#10 E:\CodingFork\smartCage\vendor\codeigniter4\framework\system\CodeIgniter.php(312): CodeIgniter\CodeIgniter->handleRequest(NULL, Object(Config\Cache), false)
#11 E:\CodingFork\smartCage\public\index.php(45): CodeIgniter\CodeIgniter->run()
#12 E:\CodingFork\smartCage\vendor\codeigniter4\framework\system\Commands\Server\rewrite.php(34): require_once('E:\\CodingFork\\s...')
#13 {main}
CRITICAL - 2020-09-24 20:22:57 --> Undefined variable: session
#0 E:\CodingFork\smartCage\app\Views\baselayout\sidebar.php(44): CodeIgniter\Debug\Exceptions->errorHandler(8, 'Undefined varia...', 'E:\\CodingFork\\s...', 44, Array)
#1 E:\CodingFork\smartCage\vendor\codeigniter4\framework\system\View\View.php(246): include('E:\\CodingFork\\s...')
#2 E:\CodingFork\smartCage\vendor\codeigniter4\framework\system\Common.php(1119): CodeIgniter\View\View->render('baselayout/side...', Array, true)
#3 E:\CodingFork\smartCage\app\Views\baselayout\header.php(19): view('baselayout/side...')
#4 E:\CodingFork\smartCage\vendor\codeigniter4\framework\system\View\View.php(246): include('E:\\CodingFork\\s...')
#5 E:\CodingFork\smartCage\vendor\codeigniter4\framework\system\Common.php(1119): CodeIgniter\View\View->render('baselayout/head...', Array, true)
#6 E:\CodingFork\smartCage\app\Controllers\BaseController.php(56): view('baselayout/head...', Array)
#7 E:\CodingFork\smartCage\app\Controllers\Admin.php(13): App\Controllers\BaseController->loadLayout('content/admin/a...')
#8 E:\CodingFork\smartCage\vendor\codeigniter4\framework\system\CodeIgniter.php(918): App\Controllers\Admin->index()
#9 E:\CodingFork\smartCage\vendor\codeigniter4\framework\system\CodeIgniter.php(404): CodeIgniter\CodeIgniter->runController(Object(App\Controllers\Admin))
#10 E:\CodingFork\smartCage\vendor\codeigniter4\framework\system\CodeIgniter.php(312): CodeIgniter\CodeIgniter->handleRequest(NULL, Object(Config\Cache), false)
#11 E:\CodingFork\smartCage\public\index.php(45): CodeIgniter\CodeIgniter->run()
#12 E:\CodingFork\smartCage\vendor\codeigniter4\framework\system\Commands\Server\rewrite.php(34): require_once('E:\\CodingFork\\s...')
#13 {main}
CRITICAL - 2020-09-24 20:23:02 --> Undefined variable: session
#0 E:\CodingFork\smartCage\app\Views\baselayout\sidebar.php(44): CodeIgniter\Debug\Exceptions->errorHandler(8, 'Undefined varia...', 'E:\\CodingFork\\s...', 44, Array)
#1 E:\CodingFork\smartCage\vendor\codeigniter4\framework\system\View\View.php(246): include('E:\\CodingFork\\s...')
#2 E:\CodingFork\smartCage\vendor\codeigniter4\framework\system\Common.php(1119): CodeIgniter\View\View->render('baselayout/side...', Array, true)
#3 E:\CodingFork\smartCage\app\Views\baselayout\header.php(19): view('baselayout/side...')
#4 E:\CodingFork\smartCage\vendor\codeigniter4\framework\system\View\View.php(246): include('E:\\CodingFork\\s...')
#5 E:\CodingFork\smartCage\vendor\codeigniter4\framework\system\Common.php(1119): CodeIgniter\View\View->render('baselayout/head...', Array, true)
#6 E:\CodingFork\smartCage\app\Controllers\BaseController.php(56): view('baselayout/head...', Array)
#7 E:\CodingFork\smartCage\app\Controllers\Admin.php(13): App\Controllers\BaseController->loadLayout('content/admin/a...')
#8 E:\CodingFork\smartCage\vendor\codeigniter4\framework\system\CodeIgniter.php(918): App\Controllers\Admin->index()
#9 E:\CodingFork\smartCage\vendor\codeigniter4\framework\system\CodeIgniter.php(404): CodeIgniter\CodeIgniter->runController(Object(App\Controllers\Admin))
#10 E:\CodingFork\smartCage\vendor\codeigniter4\framework\system\CodeIgniter.php(312): CodeIgniter\CodeIgniter->handleRequest(NULL, Object(Config\Cache), false)
#11 E:\CodingFork\smartCage\public\index.php(45): CodeIgniter\CodeIgniter->run()
#12 E:\CodingFork\smartCage\vendor\codeigniter4\framework\system\Commands\Server\rewrite.php(34): require_once('E:\\CodingFork\\s...')
#13 {main}
CRITICAL - 2020-09-24 20:23:16 --> Undefined variable: session
#0 E:\CodingFork\smartCage\app\Views\baselayout\sidebar.php(44): CodeIgniter\Debug\Exceptions->errorHandler(8, 'Undefined varia...', 'E:\\CodingFork\\s...', 44, Array)
#1 E:\CodingFork\smartCage\vendor\codeigniter4\framework\system\View\View.php(246): include('E:\\CodingFork\\s...')
#2 E:\CodingFork\smartCage\vendor\codeigniter4\framework\system\Common.php(1119): CodeIgniter\View\View->render('baselayout/side...', Array, true)
#3 E:\CodingFork\smartCage\app\Views\baselayout\header.php(19): view('baselayout/side...')
#4 E:\CodingFork\smartCage\vendor\codeigniter4\framework\system\View\View.php(246): include('E:\\CodingFork\\s...')
#5 E:\CodingFork\smartCage\vendor\codeigniter4\framework\system\Common.php(1119): CodeIgniter\View\View->render('baselayout/head...', Array, true)
#6 E:\CodingFork\smartCage\app\Controllers\BaseController.php(56): view('baselayout/head...', Array)
#7 E:\CodingFork\smartCage\app\Controllers\Admin.php(13): App\Controllers\BaseController->loadLayout('content/admin/a...')
#8 E:\CodingFork\smartCage\vendor\codeigniter4\framework\system\CodeIgniter.php(918): App\Controllers\Admin->index()
#9 E:\CodingFork\smartCage\vendor\codeigniter4\framework\system\CodeIgniter.php(404): CodeIgniter\CodeIgniter->runController(Object(App\Controllers\Admin))
#10 E:\CodingFork\smartCage\vendor\codeigniter4\framework\system\CodeIgniter.php(312): CodeIgniter\CodeIgniter->handleRequest(NULL, Object(Config\Cache), false)
#11 E:\CodingFork\smartCage\public\index.php(45): CodeIgniter\CodeIgniter->run()
#12 E:\CodingFork\smartCage\vendor\codeigniter4\framework\system\Commands\Server\rewrite.php(34): require_once('E:\\CodingFork\\s...')
#13 {main}
CRITICAL - 2020-09-24 20:23:37 --> Undefined variable: session
#0 E:\CodingFork\smartCage\app\Views\baselayout\sidebar.php(44): CodeIgniter\Debug\Exceptions->errorHandler(8, 'Undefined varia...', 'E:\\CodingFork\\s...', 44, Array)
#1 E:\CodingFork\smartCage\vendor\codeigniter4\framework\system\View\View.php(246): include('E:\\CodingFork\\s...')
#2 E:\CodingFork\smartCage\vendor\codeigniter4\framework\system\Common.php(1119): CodeIgniter\View\View->render('baselayout/side...', Array, true)
#3 E:\CodingFork\smartCage\app\Views\baselayout\header.php(19): view('baselayout/side...')
#4 E:\CodingFork\smartCage\vendor\codeigniter4\framework\system\View\View.php(246): include('E:\\CodingFork\\s...')
#5 E:\CodingFork\smartCage\vendor\codeigniter4\framework\system\Common.php(1119): CodeIgniter\View\View->render('baselayout/head...', Array, true)
#6 E:\CodingFork\smartCage\app\Controllers\BaseController.php(58): view('baselayout/head...', Array)
#7 E:\CodingFork\smartCage\app\Controllers\Admin.php(13): App\Controllers\BaseController->loadLayout('content/admin/a...')
#8 E:\CodingFork\smartCage\vendor\codeigniter4\framework\system\CodeIgniter.php(918): App\Controllers\Admin->index()
#9 E:\CodingFork\smartCage\vendor\codeigniter4\framework\system\CodeIgniter.php(404): CodeIgniter\CodeIgniter->runController(Object(App\Controllers\Admin))
#10 E:\CodingFork\smartCage\vendor\codeigniter4\framework\system\CodeIgniter.php(312): CodeIgniter\CodeIgniter->handleRequest(NULL, Object(Config\Cache), false)
#11 E:\CodingFork\smartCage\public\index.php(45): CodeIgniter\CodeIgniter->run()
#12 E:\CodingFork\smartCage\vendor\codeigniter4\framework\system\Commands\Server\rewrite.php(34): require_once('E:\\CodingFork\\s...')
#13 {main}
CRITICAL - 2020-09-24 20:24:51 --> Undefined variable: session
#0 E:\CodingFork\smartCage\app\Views\baselayout\sidebar.php(44): CodeIgniter\Debug\Exceptions->errorHandler(8, 'Undefined varia...', 'E:\\CodingFork\\s...', 44, Array)
#1 E:\CodingFork\smartCage\vendor\codeigniter4\framework\system\View\View.php(246): include('E:\\CodingFork\\s...')
#2 E:\CodingFork\smartCage\vendor\codeigniter4\framework\system\Common.php(1119): CodeIgniter\View\View->render('baselayout/side...', Array, true)
#3 E:\CodingFork\smartCage\app\Views\baselayout\header.php(19): view('baselayout/side...')
#4 E:\CodingFork\smartCage\vendor\codeigniter4\framework\system\View\View.php(246): include('E:\\CodingFork\\s...')
#5 E:\CodingFork\smartCage\vendor\codeigniter4\framework\system\Common.php(1119): CodeIgniter\View\View->render('baselayout/head...', Array, true)
#6 E:\CodingFork\smartCage\app\Controllers\BaseController.php(58): view('baselayout/head...', Array)
#7 E:\CodingFork\smartCage\app\Controllers\Admin.php(13): App\Controllers\BaseController->loadLayout('content/admin/a...')
#8 E:\CodingFork\smartCage\vendor\codeigniter4\framework\system\CodeIgniter.php(918): App\Controllers\Admin->index()
#9 E:\CodingFork\smartCage\vendor\codeigniter4\framework\system\CodeIgniter.php(404): CodeIgniter\CodeIgniter->runController(Object(App\Controllers\Admin))
#10 E:\CodingFork\smartCage\vendor\codeigniter4\framework\system\CodeIgniter.php(312): CodeIgniter\CodeIgniter->handleRequest(NULL, Object(Config\Cache), false)
#11 E:\CodingFork\smartCage\public\index.php(45): CodeIgniter\CodeIgniter->run()
#12 E:\CodingFork\smartCage\vendor\codeigniter4\framework\system\Commands\Server\rewrite.php(34): require_once('E:\\CodingFork\\s...')
#13 {main}
CRITICAL - 2020-09-24 20:25:10 --> Undefined variable: session
#0 E:\CodingFork\smartCage\app\Views\baselayout\sidebar.php(44): CodeIgniter\Debug\Exceptions->errorHandler(8, 'Undefined varia...', 'E:\\CodingFork\\s...', 44, Array)
#1 E:\CodingFork\smartCage\vendor\codeigniter4\framework\system\View\View.php(246): include('E:\\CodingFork\\s...')
#2 E:\CodingFork\smartCage\vendor\codeigniter4\framework\system\Common.php(1119): CodeIgniter\View\View->render('baselayout/side...', Array, true)
#3 E:\CodingFork\smartCage\app\Views\baselayout\header.php(19): view('baselayout/side...')
#4 E:\CodingFork\smartCage\vendor\codeigniter4\framework\system\View\View.php(246): include('E:\\CodingFork\\s...')
#5 E:\CodingFork\smartCage\vendor\codeigniter4\framework\system\Common.php(1119): CodeIgniter\View\View->render('baselayout/head...', Array, true)
#6 E:\CodingFork\smartCage\app\Controllers\BaseController.php(58): view('baselayout/head...', Array)
#7 E:\CodingFork\smartCage\app\Controllers\Admin.php(13): App\Controllers\BaseController->loadLayout('content/admin/a...')
#8 E:\CodingFork\smartCage\vendor\codeigniter4\framework\system\CodeIgniter.php(918): App\Controllers\Admin->index()
#9 E:\CodingFork\smartCage\vendor\codeigniter4\framework\system\CodeIgniter.php(404): CodeIgniter\CodeIgniter->runController(Object(App\Controllers\Admin))
#10 E:\CodingFork\smartCage\vendor\codeigniter4\framework\system\CodeIgniter.php(312): CodeIgniter\CodeIgniter->handleRequest(NULL, Object(Config\Cache), false)
#11 E:\CodingFork\smartCage\public\index.php(45): CodeIgniter\CodeIgniter->run()
#12 E:\CodingFork\smartCage\vendor\codeigniter4\framework\system\Commands\Server\rewrite.php(34): require_once('E:\\CodingFork\\s...')
#13 {main}
CRITICAL - 2020-09-24 20:25:19 --> Undefined property: CodeIgniter\View\View::$session
#0 E:\CodingFork\smartCage\app\Views\baselayout\sidebar.php(44): CodeIgniter\Debug\Exceptions->errorHandler(8, 'Undefined prope...', 'E:\\CodingFork\\s...', 44, Array)
#1 E:\CodingFork\smartCage\vendor\codeigniter4\framework\system\View\View.php(246): include('E:\\CodingFork\\s...')
#2 E:\CodingFork\smartCage\vendor\codeigniter4\framework\system\Common.php(1119): CodeIgniter\View\View->render('baselayout/side...', Array, true)
#3 E:\CodingFork\smartCage\app\Views\baselayout\header.php(19): view('baselayout/side...')
#4 E:\CodingFork\smartCage\vendor\codeigniter4\framework\system\View\View.php(246): include('E:\\CodingFork\\s...')
#5 E:\CodingFork\smartCage\vendor\codeigniter4\framework\system\Common.php(1119): CodeIgniter\View\View->render('baselayout/head...', Array, true)
#6 E:\CodingFork\smartCage\app\Controllers\BaseController.php(58): view('baselayout/head...', Array)
#7 E:\CodingFork\smartCage\app\Controllers\Admin.php(13): App\Controllers\BaseController->loadLayout('content/admin/a...')
#8 E:\CodingFork\smartCage\vendor\codeigniter4\framework\system\CodeIgniter.php(918): App\Controllers\Admin->index()
#9 E:\CodingFork\smartCage\vendor\codeigniter4\framework\system\CodeIgniter.php(404): CodeIgniter\CodeIgniter->runController(Object(App\Controllers\Admin))
#10 E:\CodingFork\smartCage\vendor\codeigniter4\framework\system\CodeIgniter.php(312): CodeIgniter\CodeIgniter->handleRequest(NULL, Object(Config\Cache), false)
#11 E:\CodingFork\smartCage\public\index.php(45): CodeIgniter\CodeIgniter->run()
#12 E:\CodingFork\smartCage\vendor\codeigniter4\framework\system\Commands\Server\rewrite.php(34): require_once('E:\\CodingFork\\s...')
#13 {main}
CRITICAL - 2020-09-24 20:26:24 --> Undefined variable: session
#0 E:\CodingFork\smartCage\app\Views\baselayout\sidebar.php(44): CodeIgniter\Debug\Exceptions->errorHandler(8, 'Undefined varia...', 'E:\\CodingFork\\s...', 44, Array)
#1 E:\CodingFork\smartCage\vendor\codeigniter4\framework\system\View\View.php(246): include('E:\\CodingFork\\s...')
#2 E:\CodingFork\smartCage\vendor\codeigniter4\framework\system\Common.php(1119): CodeIgniter\View\View->render('baselayout/side...', Array, true)
#3 E:\CodingFork\smartCage\app\Views\baselayout\header.php(19): view('baselayout/side...')
#4 E:\CodingFork\smartCage\vendor\codeigniter4\framework\system\View\View.php(246): include('E:\\CodingFork\\s...')
#5 E:\CodingFork\smartCage\vendor\codeigniter4\framework\system\Common.php(1119): CodeIgniter\View\View->render('baselayout/head...', Array, true)
#6 E:\CodingFork\smartCage\app\Controllers\BaseController.php(58): view('baselayout/head...', Array)
#7 E:\CodingFork\smartCage\app\Controllers\Admin.php(13): App\Controllers\BaseController->loadLayout('content/admin/a...')
#8 E:\CodingFork\smartCage\vendor\codeigniter4\framework\system\CodeIgniter.php(918): App\Controllers\Admin->index()
#9 E:\CodingFork\smartCage\vendor\codeigniter4\framework\system\CodeIgniter.php(404): CodeIgniter\CodeIgniter->runController(Object(App\Controllers\Admin))
#10 E:\CodingFork\smartCage\vendor\codeigniter4\framework\system\CodeIgniter.php(312): CodeIgniter\CodeIgniter->handleRequest(NULL, Object(Config\Cache), false)
#11 E:\CodingFork\smartCage\public\index.php(45): CodeIgniter\CodeIgniter->run()
#12 E:\CodingFork\smartCage\vendor\codeigniter4\framework\system\Commands\Server\rewrite.php(34): require_once('E:\\CodingFork\\s...')
#13 {main}
CRITICAL - 2020-09-24 20:27:46 --> Undefined variable: session
#0 E:\CodingFork\smartCage\app\Views\baselayout\sidebar.php(44): CodeIgniter\Debug\Exceptions->errorHandler(8, 'Undefined varia...', 'E:\\CodingFork\\s...', 44, Array)
#1 E:\CodingFork\smartCage\vendor\codeigniter4\framework\system\View\View.php(246): include('E:\\CodingFork\\s...')
#2 E:\CodingFork\smartCage\vendor\codeigniter4\framework\system\Common.php(1119): CodeIgniter\View\View->render('baselayout/side...', Array, true)
#3 E:\CodingFork\smartCage\app\Views\baselayout\header.php(19): view('baselayout/side...')
#4 E:\CodingFork\smartCage\vendor\codeigniter4\framework\system\View\View.php(246): include('E:\\CodingFork\\s...')
#5 E:\CodingFork\smartCage\vendor\codeigniter4\framework\system\Common.php(1119): CodeIgniter\View\View->render('baselayout/head...', Array, true)
#6 E:\CodingFork\smartCage\app\Controllers\BaseController.php(58): view('baselayout/head...', Array)
#7 E:\CodingFork\smartCage\app\Controllers\Admin.php(13): App\Controllers\BaseController->loadLayout('content/admin/a...')
#8 E:\CodingFork\smartCage\vendor\codeigniter4\framework\system\CodeIgniter.php(918): App\Controllers\Admin->index()
#9 E:\CodingFork\smartCage\vendor\codeigniter4\framework\system\CodeIgniter.php(404): CodeIgniter\CodeIgniter->runController(Object(App\Controllers\Admin))
#10 E:\CodingFork\smartCage\vendor\codeigniter4\framework\system\CodeIgniter.php(312): CodeIgniter\CodeIgniter->handleRequest(NULL, Object(Config\Cache), false)
#11 E:\CodingFork\smartCage\public\index.php(45): CodeIgniter\CodeIgniter->run()
#12 E:\CodingFork\smartCage\vendor\codeigniter4\framework\system\Commands\Server\rewrite.php(34): require_once('E:\\CodingFork\\s...')
#13 {main}
CRITICAL - 2020-09-24 20:28:56 --> Call to undefined function sidebar_content()
#0 E:\CodingFork\smartCage\vendor\codeigniter4\framework\system\View\View.php(246): include()
#1 E:\CodingFork\smartCage\vendor\codeigniter4\framework\system\Common.php(1119): CodeIgniter\View\View->render('baselayout/side...', Array, true)
#2 E:\CodingFork\smartCage\app\Views\baselayout\header.php(19): view('baselayout/side...')
#3 E:\CodingFork\smartCage\vendor\codeigniter4\framework\system\View\View.php(246): include('E:\\CodingFork\\s...')
#4 E:\CodingFork\smartCage\vendor\codeigniter4\framework\system\Common.php(1119): CodeIgniter\View\View->render('baselayout/head...', Array, true)
#5 E:\CodingFork\smartCage\app\Controllers\BaseController.php(56): view('baselayout/head...', Array)
#6 E:\CodingFork\smartCage\app\Controllers\Admin.php(13): App\Controllers\BaseController->loadLayout('content/admin/a...')
#7 E:\CodingFork\smartCage\vendor\codeigniter4\framework\system\CodeIgniter.php(918): App\Controllers\Admin->index()
#8 E:\CodingFork\smartCage\vendor\codeigniter4\framework\system\CodeIgniter.php(404): CodeIgniter\CodeIgniter->runController(Object(App\Controllers\Admin))
#9 E:\CodingFork\smartCage\vendor\codeigniter4\framework\system\CodeIgniter.php(312): CodeIgniter\CodeIgniter->handleRequest(NULL, Object(Config\Cache), false)
#10 E:\CodingFork\smartCage\public\index.php(45): CodeIgniter\CodeIgniter->run()
#11 E:\CodingFork\smartCage\vendor\codeigniter4\framework\system\Commands\Server\rewrite.php(34): require_once('E:\\CodingFork\\s...')
#12 {main}
CRITICAL - 2020-09-24 20:30:14 --> Table 'sc_db.stock' doesn't exist
#0 E:\CodingFork\smartCage\vendor\codeigniter4\framework\system\Database\MySQLi\Connection.php(331): mysqli->query('SELECT `item`.`...')
#1 E:\CodingFork\smartCage\vendor\codeigniter4\framework\system\Database\BaseConnection.php(741): CodeIgniter\Database\MySQLi\Connection->execute('SELECT `item`.`...')
#2 E:\CodingFork\smartCage\vendor\codeigniter4\framework\system\Database\BaseConnection.php(669): CodeIgniter\Database\BaseConnection->simpleQuery('SELECT `item`.`...')
#3 E:\CodingFork\smartCage\vendor\codeigniter4\framework\system\Database\BaseBuilder.php(1860): CodeIgniter\Database\BaseConnection->query('SELECT `item`.`...', Array, false)
#4 E:\CodingFork\smartCage\app\Models\CoreModel.php(43): CodeIgniter\Database\BaseBuilder->get(5, 0)
#5 E:\CodingFork\smartCage\app\Controllers\Admin.php(30): App\Models\CoreModel->getData(Array, 'item')
#6 E:\CodingFork\smartCage\vendor\codeigniter4\framework\system\CodeIgniter.php(918): App\Controllers\Admin->view()
#7 E:\CodingFork\smartCage\vendor\codeigniter4\framework\system\CodeIgniter.php(404): CodeIgniter\CodeIgniter->runController(Object(App\Controllers\Admin))
#8 E:\CodingFork\smartCage\vendor\codeigniter4\framework\system\CodeIgniter.php(312): CodeIgniter\CodeIgniter->handleRequest(NULL, Object(Config\Cache), false)
#9 E:\CodingFork\smartCage\public\index.php(45): CodeIgniter\CodeIgniter->run()
#10 E:\CodingFork\smartCage\vendor\codeigniter4\framework\system\Commands\Server\rewrite.php(34): require_once('E:\\CodingFork\\s...')
#11 {main}
