CRITICAL - 2020-09-16 12:23:02 --> Trying to get property 'id' of non-object
#0 E:\CodingFork\autosarisari\app\Controllers\Sales.php(139): CodeIgniter\Debug\Exceptions->errorHandler(8, 'Trying to get p...', 'E:\\CodingFork\\a...', 139, Array)
#1 E:\CodingFork\autosarisari\vendor\codeigniter4\framework\system\CodeIgniter.php(918): App\Controllers\Sales->submitSale()
#2 E:\CodingFork\autosarisari\vendor\codeigniter4\framework\system\CodeIgniter.php(404): CodeIgniter\CodeIgniter->runController(Object(App\Controllers\Sales))
#3 E:\CodingFork\autosarisari\vendor\codeigniter4\framework\system\CodeIgniter.php(312): CodeIgniter\CodeIgniter->handleRequest(NULL, Object(Config\Cache), false)
#4 E:\CodingFork\autosarisari\public\index.php(45): CodeIgniter\CodeIgniter->run()
#5 E:\CodingFork\autosarisari\vendor\codeigniter4\framework\system\Commands\Server\rewrite.php(34): require_once('E:\\CodingFork\\a...')
#6 {main}
CRITICAL - 2020-09-16 14:40:52 --> Trying to get property 'item_id' of non-object
#0 E:\CodingFork\autosarisari\app\Helpers\datafunc_helper.php(29): CodeIgniter\Debug\Exceptions->errorHandler(8, 'Trying to get p...', 'E:\\CodingFork\\a...', 29, Array)
#1 E:\CodingFork\autosarisari\app\Controllers\Sales.php(145): stockChange(Array)
#2 E:\CodingFork\autosarisari\vendor\codeigniter4\framework\system\CodeIgniter.php(918): App\Controllers\Sales->submitSale()
#3 E:\CodingFork\autosarisari\vendor\codeigniter4\framework\system\CodeIgniter.php(404): CodeIgniter\CodeIgniter->runController(Object(App\Controllers\Sales))
#4 E:\CodingFork\autosarisari\vendor\codeigniter4\framework\system\CodeIgniter.php(312): CodeIgniter\CodeIgniter->handleRequest(NULL, Object(Config\Cache), false)
#5 E:\CodingFork\autosarisari\public\index.php(45): CodeIgniter\CodeIgniter->run()
#6 E:\CodingFork\autosarisari\vendor\codeigniter4\framework\system\Commands\Server\rewrite.php(34): require_once('E:\\CodingFork\\a...')
#7 {main}
CRITICAL - 2020-09-16 14:41:46 --> Using $this when not in object context
#0 E:\CodingFork\autosarisari\app\Controllers\Sales.php(145): stockChange(Array)
#1 E:\CodingFork\autosarisari\vendor\codeigniter4\framework\system\CodeIgniter.php(918): App\Controllers\Sales->submitSale()
#2 E:\CodingFork\autosarisari\vendor\codeigniter4\framework\system\CodeIgniter.php(404): CodeIgniter\CodeIgniter->runController(Object(App\Controllers\Sales))
#3 E:\CodingFork\autosarisari\vendor\codeigniter4\framework\system\CodeIgniter.php(312): CodeIgniter\CodeIgniter->handleRequest(NULL, Object(Config\Cache), false)
#4 E:\CodingFork\autosarisari\public\index.php(45): CodeIgniter\CodeIgniter->run()
#5 E:\CodingFork\autosarisari\vendor\codeigniter4\framework\system\Commands\Server\rewrite.php(34): require_once('E:\\CodingFork\\a...')
#6 {main}
CRITICAL - 2020-09-16 14:42:06 --> Undefined variable: model
#0 E:\CodingFork\autosarisari\app\Helpers\datafunc_helper.php(31): CodeIgniter\Debug\Exceptions->errorHandler(8, 'Undefined varia...', 'E:\\CodingFork\\a...', 31, Array)
#1 E:\CodingFork\autosarisari\app\Controllers\Sales.php(145): stockChange(Array)
#2 E:\CodingFork\autosarisari\vendor\codeigniter4\framework\system\CodeIgniter.php(918): App\Controllers\Sales->submitSale()
#3 E:\CodingFork\autosarisari\vendor\codeigniter4\framework\system\CodeIgniter.php(404): CodeIgniter\CodeIgniter->runController(Object(App\Controllers\Sales))
#4 E:\CodingFork\autosarisari\vendor\codeigniter4\framework\system\CodeIgniter.php(312): CodeIgniter\CodeIgniter->handleRequest(NULL, Object(Config\Cache), false)
#5 E:\CodingFork\autosarisari\public\index.php(45): CodeIgniter\CodeIgniter->run()
#6 E:\CodingFork\autosarisari\vendor\codeigniter4\framework\system\Commands\Server\rewrite.php(34): require_once('E:\\CodingFork\\a...')
#7 {main}
CRITICAL - 2020-09-16 14:42:17 --> Unsupported operand types
#0 E:\CodingFork\autosarisari\app\Controllers\Sales.php(145): stockChange(Array)
#1 E:\CodingFork\autosarisari\vendor\codeigniter4\framework\system\CodeIgniter.php(918): App\Controllers\Sales->submitSale()
#2 E:\CodingFork\autosarisari\vendor\codeigniter4\framework\system\CodeIgniter.php(404): CodeIgniter\CodeIgniter->runController(Object(App\Controllers\Sales))
#3 E:\CodingFork\autosarisari\vendor\codeigniter4\framework\system\CodeIgniter.php(312): CodeIgniter\CodeIgniter->handleRequest(NULL, Object(Config\Cache), false)
#4 E:\CodingFork\autosarisari\public\index.php(45): CodeIgniter\CodeIgniter->run()
#5 E:\CodingFork\autosarisari\vendor\codeigniter4\framework\system\Commands\Server\rewrite.php(34): require_once('E:\\CodingFork\\a...')
#6 {main}
CRITICAL - 2020-09-16 14:48:49 --> Unknown column 'stock_id' in 'where clause'
#0 E:\CodingFork\autosarisari\vendor\codeigniter4\framework\system\Database\MySQLi\Connection.php(331): mysqli->query('UPDATE `cart` S...')
#1 E:\CodingFork\autosarisari\vendor\codeigniter4\framework\system\Database\BaseConnection.php(741): CodeIgniter\Database\MySQLi\Connection->execute('UPDATE `cart` S...')
#2 E:\CodingFork\autosarisari\vendor\codeigniter4\framework\system\Database\BaseConnection.php(669): CodeIgniter\Database\BaseConnection->simpleQuery('UPDATE `cart` S...')
#3 E:\CodingFork\autosarisari\vendor\codeigniter4\framework\system\Database\BaseBuilder.php(2456): CodeIgniter\Database\BaseConnection->query('UPDATE `cart` S...', Array, false)
#4 E:\CodingFork\autosarisari\app\Models\CoreModel.php(59): CodeIgniter\Database\BaseBuilder->update(Array)
#5 E:\CodingFork\autosarisari\app\Controllers\Sales.php(160): App\Models\CoreModel->updateData(Array, Array, 'cart')
#6 E:\CodingFork\autosarisari\vendor\codeigniter4\framework\system\CodeIgniter.php(918): App\Controllers\Sales->submitSale()
#7 E:\CodingFork\autosarisari\vendor\codeigniter4\framework\system\CodeIgniter.php(404): CodeIgniter\CodeIgniter->runController(Object(App\Controllers\Sales))
#8 E:\CodingFork\autosarisari\vendor\codeigniter4\framework\system\CodeIgniter.php(312): CodeIgniter\CodeIgniter->handleRequest(NULL, Object(Config\Cache), false)
#9 E:\CodingFork\autosarisari\public\index.php(45): CodeIgniter\CodeIgniter->run()
#10 E:\CodingFork\autosarisari\vendor\codeigniter4\framework\system\Commands\Server\rewrite.php(34): require_once('E:\\CodingFork\\a...')
#11 {main}
CRITICAL - 2020-09-16 14:51:30 --> Undefined offset: 0
#0 E:\CodingFork\autosarisari\app\Controllers\Sales.php(94): CodeIgniter\Debug\Exceptions->errorHandler(8, 'Undefined offse...', 'E:\\CodingFork\\a...', 94, Array)
#1 E:\CodingFork\autosarisari\vendor\codeigniter4\framework\system\CodeIgniter.php(918): App\Controllers\Sales->viewCart()
#2 E:\CodingFork\autosarisari\vendor\codeigniter4\framework\system\CodeIgniter.php(404): CodeIgniter\CodeIgniter->runController(Object(App\Controllers\Sales))
#3 E:\CodingFork\autosarisari\vendor\codeigniter4\framework\system\CodeIgniter.php(312): CodeIgniter\CodeIgniter->handleRequest(NULL, Object(Config\Cache), false)
#4 E:\CodingFork\autosarisari\public\index.php(45): CodeIgniter\CodeIgniter->run()
#5 E:\CodingFork\autosarisari\vendor\codeigniter4\framework\system\Commands\Server\rewrite.php(34): require_once('E:\\CodingFork\\a...')
#6 {main}
CRITICAL - 2020-09-16 14:51:30 --> Undefined offset: 0
#0 E:\CodingFork\autosarisari\app\Controllers\Sales.php(94): CodeIgniter\Debug\Exceptions->errorHandler(8, 'Undefined offse...', 'E:\\CodingFork\\a...', 94, Array)
#1 E:\CodingFork\autosarisari\vendor\codeigniter4\framework\system\CodeIgniter.php(918): App\Controllers\Sales->viewCart()
#2 E:\CodingFork\autosarisari\vendor\codeigniter4\framework\system\CodeIgniter.php(404): CodeIgniter\CodeIgniter->runController(Object(App\Controllers\Sales))
#3 E:\CodingFork\autosarisari\vendor\codeigniter4\framework\system\CodeIgniter.php(312): CodeIgniter\CodeIgniter->handleRequest(NULL, Object(Config\Cache), false)
#4 E:\CodingFork\autosarisari\public\index.php(45): CodeIgniter\CodeIgniter->run()
#5 E:\CodingFork\autosarisari\vendor\codeigniter4\framework\system\Commands\Server\rewrite.php(34): require_once('E:\\CodingFork\\a...')
#6 {main}
CRITICAL - 2020-09-16 14:52:11 --> Undefined offset: 0
#0 E:\CodingFork\autosarisari\app\Controllers\Sales.php(94): CodeIgniter\Debug\Exceptions->errorHandler(8, 'Undefined offse...', 'E:\\CodingFork\\a...', 94, Array)
#1 E:\CodingFork\autosarisari\vendor\codeigniter4\framework\system\CodeIgniter.php(918): App\Controllers\Sales->viewCart()
#2 E:\CodingFork\autosarisari\vendor\codeigniter4\framework\system\CodeIgniter.php(404): CodeIgniter\CodeIgniter->runController(Object(App\Controllers\Sales))
#3 E:\CodingFork\autosarisari\vendor\codeigniter4\framework\system\CodeIgniter.php(312): CodeIgniter\CodeIgniter->handleRequest(NULL, Object(Config\Cache), false)
#4 E:\CodingFork\autosarisari\public\index.php(45): CodeIgniter\CodeIgniter->run()
#5 E:\CodingFork\autosarisari\vendor\codeigniter4\framework\system\Commands\Server\rewrite.php(34): require_once('E:\\CodingFork\\a...')
#6 {main}
CRITICAL - 2020-09-16 14:52:11 --> Undefined offset: 0
#0 E:\CodingFork\autosarisari\app\Controllers\Sales.php(94): CodeIgniter\Debug\Exceptions->errorHandler(8, 'Undefined offse...', 'E:\\CodingFork\\a...', 94, Array)
#1 E:\CodingFork\autosarisari\vendor\codeigniter4\framework\system\CodeIgniter.php(918): App\Controllers\Sales->viewCart()
#2 E:\CodingFork\autosarisari\vendor\codeigniter4\framework\system\CodeIgniter.php(404): CodeIgniter\CodeIgniter->runController(Object(App\Controllers\Sales))
#3 E:\CodingFork\autosarisari\vendor\codeigniter4\framework\system\CodeIgniter.php(312): CodeIgniter\CodeIgniter->handleRequest(NULL, Object(Config\Cache), false)
#4 E:\CodingFork\autosarisari\public\index.php(45): CodeIgniter\CodeIgniter->run()
#5 E:\CodingFork\autosarisari\vendor\codeigniter4\framework\system\Commands\Server\rewrite.php(34): require_once('E:\\CodingFork\\a...')
#6 {main}
CRITICAL - 2020-09-16 15:15:22 --> Column 'id' in where clause is ambiguous
#0 E:\CodingFork\autosarisari\vendor\codeigniter4\framework\system\Database\MySQLi\Connection.php(331): mysqli->query('SELECT *\nFROM `...')
#1 E:\CodingFork\autosarisari\vendor\codeigniter4\framework\system\Database\BaseConnection.php(741): CodeIgniter\Database\MySQLi\Connection->execute('SELECT *\nFROM `...')
#2 E:\CodingFork\autosarisari\vendor\codeigniter4\framework\system\Database\BaseConnection.php(669): CodeIgniter\Database\BaseConnection->simpleQuery('SELECT *\nFROM `...')
#3 E:\CodingFork\autosarisari\vendor\codeigniter4\framework\system\Database\BaseBuilder.php(1860): CodeIgniter\Database\BaseConnection->query('SELECT *\nFROM `...', Array, false)
#4 E:\CodingFork\autosarisari\app\Models\CoreModel.php(36): CodeIgniter\Database\BaseBuilder->get()
#5 E:\CodingFork\autosarisari\app\Controllers\Sales.php(43): App\Models\CoreModel->getData(Array, 'item')
#6 E:\CodingFork\autosarisari\vendor\codeigniter4\framework\system\CodeIgniter.php(918): App\Controllers\Sales->getItem()
#7 E:\CodingFork\autosarisari\vendor\codeigniter4\framework\system\CodeIgniter.php(404): CodeIgniter\CodeIgniter->runController(Object(App\Controllers\Sales))
#8 E:\CodingFork\autosarisari\vendor\codeigniter4\framework\system\CodeIgniter.php(312): CodeIgniter\CodeIgniter->handleRequest(NULL, Object(Config\Cache), false)
#9 E:\CodingFork\autosarisari\public\index.php(45): CodeIgniter\CodeIgniter->run()
#10 E:\CodingFork\autosarisari\vendor\codeigniter4\framework\system\Commands\Server\rewrite.php(34): require_once('E:\\CodingFork\\a...')
#11 {main}
CRITICAL - 2020-09-16 17:13:10 --> syntax error, unexpected '$input' (T_VARIABLE)
#0 E:\CodingFork\autosarisari\vendor\codeigniter4\framework\system\Autoloader\Autoloader.php(296): CodeIgniter\Autoloader\Autoloader->requireFile('E:\\CodingFork\\a...')
#1 E:\CodingFork\autosarisari\vendor\codeigniter4\framework\system\Autoloader\Autoloader.php(258): CodeIgniter\Autoloader\Autoloader->loadInNamespace('App\\Controllers...')
#2 [internal function]: CodeIgniter\Autoloader\Autoloader->loadClass('App\\Controllers...')
#3 [internal function]: spl_autoload_call('App\\Controllers...')
#4 E:\CodingFork\autosarisari\vendor\codeigniter4\framework\system\CodeIgniter.php(869): class_exists('\\App\\Controller...', true)
#5 E:\CodingFork\autosarisari\vendor\codeigniter4\framework\system\CodeIgniter.php(394): CodeIgniter\CodeIgniter->startController()
#6 E:\CodingFork\autosarisari\vendor\codeigniter4\framework\system\CodeIgniter.php(312): CodeIgniter\CodeIgniter->handleRequest(NULL, Object(Config\Cache), false)
#7 E:\CodingFork\autosarisari\public\index.php(45): CodeIgniter\CodeIgniter->run()
#8 E:\CodingFork\autosarisari\vendor\codeigniter4\framework\system\Commands\Server\rewrite.php(34): require_once('E:\\CodingFork\\a...')
#9 {main}
CRITICAL - 2020-09-16 17:13:25 --> syntax error, unexpected '$input' (T_VARIABLE)
#0 E:\CodingFork\autosarisari\vendor\codeigniter4\framework\system\Autoloader\Autoloader.php(296): CodeIgniter\Autoloader\Autoloader->requireFile('E:\\CodingFork\\a...')
#1 E:\CodingFork\autosarisari\vendor\codeigniter4\framework\system\Autoloader\Autoloader.php(258): CodeIgniter\Autoloader\Autoloader->loadInNamespace('App\\Controllers...')
#2 [internal function]: CodeIgniter\Autoloader\Autoloader->loadClass('App\\Controllers...')
#3 [internal function]: spl_autoload_call('App\\Controllers...')
#4 E:\CodingFork\autosarisari\vendor\codeigniter4\framework\system\CodeIgniter.php(869): class_exists('\\App\\Controller...', true)
#5 E:\CodingFork\autosarisari\vendor\codeigniter4\framework\system\CodeIgniter.php(394): CodeIgniter\CodeIgniter->startController()
#6 E:\CodingFork\autosarisari\vendor\codeigniter4\framework\system\CodeIgniter.php(312): CodeIgniter\CodeIgniter->handleRequest(NULL, Object(Config\Cache), false)
#7 E:\CodingFork\autosarisari\public\index.php(45): CodeIgniter\CodeIgniter->run()
#8 E:\CodingFork\autosarisari\vendor\codeigniter4\framework\system\Commands\Server\rewrite.php(34): require_once('E:\\CodingFork\\a...')
#9 {main}
CRITICAL - 2020-09-16 17:13:53 --> Undefined offset: 0
#0 E:\CodingFork\autosarisari\app\Helpers\datafunc_helper.php(32): CodeIgniter\Debug\Exceptions->errorHandler(8, 'Undefined offse...', 'E:\\CodingFork\\a...', 32, Array)
#1 E:\CodingFork\autosarisari\app\Controllers\Sales.php(150): stockChange(Array)
#2 E:\CodingFork\autosarisari\vendor\codeigniter4\framework\system\CodeIgniter.php(918): App\Controllers\Sales->submitSale()
#3 E:\CodingFork\autosarisari\vendor\codeigniter4\framework\system\CodeIgniter.php(404): CodeIgniter\CodeIgniter->runController(Object(App\Controllers\Sales))
#4 E:\CodingFork\autosarisari\vendor\codeigniter4\framework\system\CodeIgniter.php(312): CodeIgniter\CodeIgniter->handleRequest(NULL, Object(Config\Cache), false)
#5 E:\CodingFork\autosarisari\public\index.php(45): CodeIgniter\CodeIgniter->run()
#6 E:\CodingFork\autosarisari\vendor\codeigniter4\framework\system\Commands\Server\rewrite.php(34): require_once('E:\\CodingFork\\a...')
#7 {main}
CRITICAL - 2020-09-16 17:18:04 --> Undefined offset: 0
#0 E:\CodingFork\autosarisari\app\Helpers\datafunc_helper.php(32): CodeIgniter\Debug\Exceptions->errorHandler(8, 'Undefined offse...', 'E:\\CodingFork\\a...', 32, Array)
#1 E:\CodingFork\autosarisari\app\Controllers\Sales.php(150): stockChange(Array)
#2 E:\CodingFork\autosarisari\vendor\codeigniter4\framework\system\CodeIgniter.php(918): App\Controllers\Sales->submitSale()
#3 E:\CodingFork\autosarisari\vendor\codeigniter4\framework\system\CodeIgniter.php(404): CodeIgniter\CodeIgniter->runController(Object(App\Controllers\Sales))
#4 E:\CodingFork\autosarisari\vendor\codeigniter4\framework\system\CodeIgniter.php(312): CodeIgniter\CodeIgniter->handleRequest(NULL, Object(Config\Cache), false)
#5 E:\CodingFork\autosarisari\public\index.php(45): CodeIgniter\CodeIgniter->run()
#6 E:\CodingFork\autosarisari\vendor\codeigniter4\framework\system\Commands\Server\rewrite.php(34): require_once('E:\\CodingFork\\a...')
#7 {main}
CRITICAL - 2020-09-16 17:18:22 --> Undefined offset: 0
#0 E:\CodingFork\autosarisari\app\Helpers\datafunc_helper.php(32): CodeIgniter\Debug\Exceptions->errorHandler(8, 'Undefined offse...', 'E:\\CodingFork\\a...', 32, Array)
#1 E:\CodingFork\autosarisari\app\Controllers\Sales.php(150): stockChange(Array)
#2 E:\CodingFork\autosarisari\vendor\codeigniter4\framework\system\CodeIgniter.php(918): App\Controllers\Sales->submitSale()
#3 E:\CodingFork\autosarisari\vendor\codeigniter4\framework\system\CodeIgniter.php(404): CodeIgniter\CodeIgniter->runController(Object(App\Controllers\Sales))
#4 E:\CodingFork\autosarisari\vendor\codeigniter4\framework\system\CodeIgniter.php(312): CodeIgniter\CodeIgniter->handleRequest(NULL, Object(Config\Cache), false)
#5 E:\CodingFork\autosarisari\public\index.php(45): CodeIgniter\CodeIgniter->run()
#6 E:\CodingFork\autosarisari\vendor\codeigniter4\framework\system\Commands\Server\rewrite.php(34): require_once('E:\\CodingFork\\a...')
#7 {main}
CRITICAL - 2020-09-16 17:22:52 --> You must set the database table to be used with your query.
#0 E:\CodingFork\autosarisari\vendor\codeigniter4\framework\system\Model.php(1237): CodeIgniter\Database\BaseConnection->table(NULL)
#1 E:\CodingFork\autosarisari\vendor\codeigniter4\framework\system\Model.php(1816): CodeIgniter\Model->builder()
#2 E:\CodingFork\autosarisari\app\Controllers\Sales.php(170): CodeIgniter\Model->__call('getPost', Array)
#3 E:\CodingFork\autosarisari\vendor\codeigniter4\framework\system\CodeIgniter.php(918): App\Controllers\Sales->submitSale()
#4 E:\CodingFork\autosarisari\vendor\codeigniter4\framework\system\CodeIgniter.php(404): CodeIgniter\CodeIgniter->runController(Object(App\Controllers\Sales))
#5 E:\CodingFork\autosarisari\vendor\codeigniter4\framework\system\CodeIgniter.php(312): CodeIgniter\CodeIgniter->handleRequest(NULL, Object(Config\Cache), false)
#6 E:\CodingFork\autosarisari\public\index.php(45): CodeIgniter\CodeIgniter->run()
#7 E:\CodingFork\autosarisari\vendor\codeigniter4\framework\system\Commands\Server\rewrite.php(34): require_once('E:\\CodingFork\\a...')
#8 {main}
CRITICAL - 2020-09-16 17:24:46 --> Call to undefined function App\Controllers\insertData()
#0 E:\CodingFork\autosarisari\vendor\codeigniter4\framework\system\CodeIgniter.php(918): App\Controllers\Sales->submitSale()
#1 E:\CodingFork\autosarisari\vendor\codeigniter4\framework\system\CodeIgniter.php(404): CodeIgniter\CodeIgniter->runController(Object(App\Controllers\Sales))
#2 E:\CodingFork\autosarisari\vendor\codeigniter4\framework\system\CodeIgniter.php(312): CodeIgniter\CodeIgniter->handleRequest(NULL, Object(Config\Cache), false)
#3 E:\CodingFork\autosarisari\public\index.php(45): CodeIgniter\CodeIgniter->run()
#4 E:\CodingFork\autosarisari\vendor\codeigniter4\framework\system\Commands\Server\rewrite.php(34): require_once('E:\\CodingFork\\a...')
#5 {main}
CRITICAL - 2020-09-16 17:54:01 --> include(modal.php): failed to open stream: No such file or directory
#0 E:\CodingFork\autosarisari\app\Views\content\salesdata\sales.php(26): CodeIgniter\Debug\Exceptions->errorHandler(2, 'include(modal.p...', 'E:\\CodingFork\\a...', 26, Array)
#1 E:\CodingFork\autosarisari\app\Views\content\salesdata\sales.php(26): include()
#2 E:\CodingFork\autosarisari\vendor\codeigniter4\framework\system\View\View.php(246): include('E:\\CodingFork\\a...')
#3 E:\CodingFork\autosarisari\vendor\codeigniter4\framework\system\Common.php(1119): CodeIgniter\View\View->render('content/salesda...', Array, true)
#4 E:\CodingFork\autosarisari\app\Controllers\BaseController.php(58): view('content/salesda...', Array)
#5 E:\CodingFork\autosarisari\app\Controllers\SalesData.php(14): App\Controllers\BaseController->loadLayout('content/salesda...')
#6 E:\CodingFork\autosarisari\vendor\codeigniter4\framework\system\CodeIgniter.php(918): App\Controllers\SalesData->index()
#7 E:\CodingFork\autosarisari\vendor\codeigniter4\framework\system\CodeIgniter.php(404): CodeIgniter\CodeIgniter->runController(Object(App\Controllers\SalesData))
#8 E:\CodingFork\autosarisari\vendor\codeigniter4\framework\system\CodeIgniter.php(312): CodeIgniter\CodeIgniter->handleRequest(NULL, Object(Config\Cache), false)
#9 E:\CodingFork\autosarisari\public\index.php(45): CodeIgniter\CodeIgniter->run()
#10 E:\CodingFork\autosarisari\vendor\codeigniter4\framework\system\Commands\Server\rewrite.php(34): require_once('E:\\CodingFork\\a...')
#11 {main}
