CRITICAL - 2020-09-27 13:05:31 --> syntax error, unexpected '" | "' (T_CONSTANT_ENCAPSED_STRING)
#0 E:\CodingFork\cftracker-v2\app\Controllers\BaseController.php(40): helper(Array)
#1 E:\CodingFork\cftracker-v2\vendor\codeigniter4\framework\system\CodeIgniter.php(891): App\Controllers\BaseController->initController(Object(CodeIgniter\HTTP\IncomingRequest), Object(CodeIgniter\HTTP\Response), Object(CodeIgniter\Log\Logger))
#2 E:\CodingFork\cftracker-v2\vendor\codeigniter4\framework\system\CodeIgniter.php(399): CodeIgniter\CodeIgniter->createController()
#3 E:\CodingFork\cftracker-v2\vendor\codeigniter4\framework\system\CodeIgniter.php(312): CodeIgniter\CodeIgniter->handleRequest(NULL, Object(Config\Cache), false)
#4 E:\CodingFork\cftracker-v2\public\index.php(45): CodeIgniter\CodeIgniter->run()
#5 E:\CodingFork\cftracker-v2\vendor\codeigniter4\framework\system\Commands\Server\rewrite.php(34): require_once('E:\\CodingFork\\c...')
#6 {main}
CRITICAL - 2020-09-27 13:55:50 --> Undefined index: fname
#0 E:\CodingFork\cftracker-v2\app\Helpers\datafunc_helper.php(55): CodeIgniter\Debug\Exceptions->errorHandler(8, 'Undefined index...', 'E:\\CodingFork\\c...', 55, Array)
#1 E:\CodingFork\cftracker-v2\app\Views\content\task_admin\modal.php(23): optionUser()
#2 E:\CodingFork\cftracker-v2\app\Views\content\task_admin\task.php(28): include('E:\\CodingFork\\c...')
#3 E:\CodingFork\cftracker-v2\vendor\codeigniter4\framework\system\View\View.php(246): include('E:\\CodingFork\\c...')
#4 E:\CodingFork\cftracker-v2\vendor\codeigniter4\framework\system\Common.php(1119): CodeIgniter\View\View->render('content/task_Ad...', Array, true)
#5 E:\CodingFork\cftracker-v2\app\Controllers\BaseController.php(58): view('content/task_Ad...', Array)
#6 E:\CodingFork\cftracker-v2\app\Controllers\Task_Admin.php(14): App\Controllers\BaseController->loadLayout('content/task_Ad...')
#7 E:\CodingFork\cftracker-v2\vendor\codeigniter4\framework\system\CodeIgniter.php(918): App\Controllers\Task_Admin->index()
#8 E:\CodingFork\cftracker-v2\vendor\codeigniter4\framework\system\CodeIgniter.php(404): CodeIgniter\CodeIgniter->runController(Object(App\Controllers\Task_Admin))
#9 E:\CodingFork\cftracker-v2\vendor\codeigniter4\framework\system\CodeIgniter.php(312): CodeIgniter\CodeIgniter->handleRequest(NULL, Object(Config\Cache), false)
#10 E:\CodingFork\cftracker-v2\public\index.php(45): CodeIgniter\CodeIgniter->run()
#11 E:\CodingFork\cftracker-v2\vendor\codeigniter4\framework\system\Commands\Server\rewrite.php(34): require_once('E:\\CodingFork\\c...')
#12 {main}
CRITICAL - 2020-09-27 14:03:24 --> Column 'instruction' cannot be null
#0 E:\CodingFork\cftracker-v2\vendor\codeigniter4\framework\system\Database\MySQLi\Connection.php(331): mysqli->query('INSERT INTO `ta...')
#1 E:\CodingFork\cftracker-v2\vendor\codeigniter4\framework\system\Database\BaseConnection.php(741): CodeIgniter\Database\MySQLi\Connection->execute('INSERT INTO `ta...')
#2 E:\CodingFork\cftracker-v2\vendor\codeigniter4\framework\system\Database\BaseConnection.php(669): CodeIgniter\Database\BaseConnection->simpleQuery('INSERT INTO `ta...')
#3 E:\CodingFork\cftracker-v2\vendor\codeigniter4\framework\system\Database\BaseBuilder.php(2249): CodeIgniter\Database\BaseConnection->query('INSERT INTO `ta...', Array, false)
#4 E:\CodingFork\cftracker-v2\app\Models\CoreModel.php(55): CodeIgniter\Database\BaseBuilder->insert(Array)
#5 E:\CodingFork\cftracker-v2\app\Controllers\Task_Admin.php(26): App\Models\CoreModel->insertData(Array, 'task')
#6 E:\CodingFork\cftracker-v2\vendor\codeigniter4\framework\system\CodeIgniter.php(918): App\Controllers\Task_Admin->create()
#7 E:\CodingFork\cftracker-v2\vendor\codeigniter4\framework\system\CodeIgniter.php(404): CodeIgniter\CodeIgniter->runController(Object(App\Controllers\Task_Admin))
#8 E:\CodingFork\cftracker-v2\vendor\codeigniter4\framework\system\CodeIgniter.php(312): CodeIgniter\CodeIgniter->handleRequest(NULL, Object(Config\Cache), false)
#9 E:\CodingFork\cftracker-v2\public\index.php(45): CodeIgniter\CodeIgniter->run()
#10 E:\CodingFork\cftracker-v2\vendor\codeigniter4\framework\system\Commands\Server\rewrite.php(34): require_once('E:\\CodingFork\\c...')
#11 {main}
CRITICAL - 2020-09-27 14:03:24 --> Column 'instruction' cannot be null
#0 E:\CodingFork\cftracker-v2\vendor\codeigniter4\framework\system\Database\MySQLi\Connection.php(331): mysqli->query('INSERT INTO `ta...')
#1 E:\CodingFork\cftracker-v2\vendor\codeigniter4\framework\system\Database\BaseConnection.php(741): CodeIgniter\Database\MySQLi\Connection->execute('INSERT INTO `ta...')
#2 E:\CodingFork\cftracker-v2\vendor\codeigniter4\framework\system\Database\BaseConnection.php(669): CodeIgniter\Database\BaseConnection->simpleQuery('INSERT INTO `ta...')
#3 E:\CodingFork\cftracker-v2\vendor\codeigniter4\framework\system\Database\BaseBuilder.php(2249): CodeIgniter\Database\BaseConnection->query('INSERT INTO `ta...', Array, false)
#4 E:\CodingFork\cftracker-v2\app\Models\CoreModel.php(55): CodeIgniter\Database\BaseBuilder->insert(Array)
#5 E:\CodingFork\cftracker-v2\app\Controllers\Task_Admin.php(26): App\Models\CoreModel->insertData(Array, 'task')
#6 E:\CodingFork\cftracker-v2\vendor\codeigniter4\framework\system\CodeIgniter.php(918): App\Controllers\Task_Admin->create()
#7 E:\CodingFork\cftracker-v2\vendor\codeigniter4\framework\system\CodeIgniter.php(404): CodeIgniter\CodeIgniter->runController(Object(App\Controllers\Task_Admin))
#8 E:\CodingFork\cftracker-v2\vendor\codeigniter4\framework\system\CodeIgniter.php(312): CodeIgniter\CodeIgniter->handleRequest(NULL, Object(Config\Cache), false)
#9 E:\CodingFork\cftracker-v2\public\index.php(45): CodeIgniter\CodeIgniter->run()
#10 E:\CodingFork\cftracker-v2\vendor\codeigniter4\framework\system\Commands\Server\rewrite.php(34): require_once('E:\\CodingFork\\c...')
#11 {main}
CRITICAL - 2020-09-27 15:00:18 --> Reference 'fname' not supported (forward reference in item list)
#0 E:\CodingFork\cftracker-v2\vendor\codeigniter4\framework\system\Database\MySQLi\Connection.php(331): mysqli->query('SELECT `user_in...')
#1 E:\CodingFork\cftracker-v2\vendor\codeigniter4\framework\system\Database\BaseConnection.php(741): CodeIgniter\Database\MySQLi\Connection->execute('SELECT `user_in...')
#2 E:\CodingFork\cftracker-v2\vendor\codeigniter4\framework\system\Database\BaseConnection.php(669): CodeIgniter\Database\BaseConnection->simpleQuery('SELECT `user_in...')
#3 E:\CodingFork\cftracker-v2\vendor\codeigniter4\framework\system\Database\BaseBuilder.php(1860): CodeIgniter\Database\BaseConnection->query('SELECT `user_in...', Array, false)
#4 E:\CodingFork\cftracker-v2\app\Models\CoreModel.php(43): CodeIgniter\Database\BaseBuilder->get(5, 0)
#5 E:\CodingFork\cftracker-v2\app\Controllers\Task_Admin.php(52): App\Models\CoreModel->getData(Array, 'task')
#6 E:\CodingFork\cftracker-v2\vendor\codeigniter4\framework\system\CodeIgniter.php(918): App\Controllers\Task_Admin->view()
#7 E:\CodingFork\cftracker-v2\vendor\codeigniter4\framework\system\CodeIgniter.php(404): CodeIgniter\CodeIgniter->runController(Object(App\Controllers\Task_Admin))
#8 E:\CodingFork\cftracker-v2\vendor\codeigniter4\framework\system\CodeIgniter.php(312): CodeIgniter\CodeIgniter->handleRequest(NULL, Object(Config\Cache), false)
#9 E:\CodingFork\cftracker-v2\public\index.php(45): CodeIgniter\CodeIgniter->run()
#10 E:\CodingFork\cftracker-v2\vendor\codeigniter4\framework\system\Commands\Server\rewrite.php(34): require_once('E:\\CodingFork\\c...')
#11 {main}
CRITICAL - 2020-09-27 17:02:18 --> syntax error, unexpected '?>', expecting function (T_FUNCTION) or const (T_CONST)
#0 E:\CodingFork\cftracker-v2\vendor\codeigniter4\framework\system\Autoloader\Autoloader.php(296): CodeIgniter\Autoloader\Autoloader->requireFile('E:\\CodingFork\\c...')
#1 E:\CodingFork\cftracker-v2\vendor\codeigniter4\framework\system\Autoloader\Autoloader.php(258): CodeIgniter\Autoloader\Autoloader->loadInNamespace('App\\Controllers...')
#2 [internal function]: CodeIgniter\Autoloader\Autoloader->loadClass('App\\Controllers...')
#3 [internal function]: spl_autoload_call('App\\Controllers...')
#4 E:\CodingFork\cftracker-v2\vendor\codeigniter4\framework\system\CodeIgniter.php(869): class_exists('\\App\\Controller...', true)
#5 E:\CodingFork\cftracker-v2\vendor\codeigniter4\framework\system\CodeIgniter.php(394): CodeIgniter\CodeIgniter->startController()
#6 E:\CodingFork\cftracker-v2\vendor\codeigniter4\framework\system\CodeIgniter.php(312): CodeIgniter\CodeIgniter->handleRequest(NULL, Object(Config\Cache), false)
#7 E:\CodingFork\cftracker-v2\public\index.php(45): CodeIgniter\CodeIgniter->run()
#8 E:\CodingFork\cftracker-v2\vendor\codeigniter4\framework\system\Commands\Server\rewrite.php(34): require_once('E:\\CodingFork\\c...')
#9 {main}
CRITICAL - 2020-09-27 17:02:49 --> include(modal.php): failed to open stream: No such file or directory
#0 E:\CodingFork\cftracker-v2\app\Views\content\task\task.php(27): CodeIgniter\Debug\Exceptions->errorHandler(2, 'include(modal.p...', 'E:\\CodingFork\\c...', 27, Array)
#1 E:\CodingFork\cftracker-v2\app\Views\content\task\task.php(27): include()
#2 E:\CodingFork\cftracker-v2\vendor\codeigniter4\framework\system\View\View.php(246): include('E:\\CodingFork\\c...')
#3 E:\CodingFork\cftracker-v2\vendor\codeigniter4\framework\system\Common.php(1119): CodeIgniter\View\View->render('content/task/ta...', Array, true)
#4 E:\CodingFork\cftracker-v2\app\Controllers\BaseController.php(58): view('content/task/ta...', Array)
#5 E:\CodingFork\cftracker-v2\app\Controllers\Task.php(13): App\Controllers\BaseController->loadLayout('content/task/ta...')
#6 E:\CodingFork\cftracker-v2\vendor\codeigniter4\framework\system\CodeIgniter.php(918): App\Controllers\Task->index()
#7 E:\CodingFork\cftracker-v2\vendor\codeigniter4\framework\system\CodeIgniter.php(404): CodeIgniter\CodeIgniter->runController(Object(App\Controllers\Task))
#8 E:\CodingFork\cftracker-v2\vendor\codeigniter4\framework\system\CodeIgniter.php(312): CodeIgniter\CodeIgniter->handleRequest(NULL, Object(Config\Cache), false)
#9 E:\CodingFork\cftracker-v2\public\index.php(45): CodeIgniter\CodeIgniter->run()
#10 E:\CodingFork\cftracker-v2\vendor\codeigniter4\framework\system\Commands\Server\rewrite.php(34): require_once('E:\\CodingFork\\c...')
#11 {main}
CRITICAL - 2020-09-27 17:42:44 --> Column 'id' in where clause is ambiguous
#0 E:\CodingFork\cftracker-v2\vendor\codeigniter4\framework\system\Database\MySQLi\Connection.php(331): mysqli->query('SELECT `user_in...')
#1 E:\CodingFork\cftracker-v2\vendor\codeigniter4\framework\system\Database\BaseConnection.php(741): CodeIgniter\Database\MySQLi\Connection->execute('SELECT `user_in...')
#2 E:\CodingFork\cftracker-v2\vendor\codeigniter4\framework\system\Database\BaseConnection.php(669): CodeIgniter\Database\BaseConnection->simpleQuery('SELECT `user_in...')
#3 E:\CodingFork\cftracker-v2\vendor\codeigniter4\framework\system\Database\BaseBuilder.php(1860): CodeIgniter\Database\BaseConnection->query('SELECT `user_in...', Array, false)
#4 E:\CodingFork\cftracker-v2\app\Models\CoreModel.php(45): CodeIgniter\Database\BaseBuilder->get()
#5 E:\CodingFork\cftracker-v2\app\Controllers\Task.php(31): App\Models\CoreModel->getData(Array, 'task')
#6 E:\CodingFork\cftracker-v2\vendor\codeigniter4\framework\system\CodeIgniter.php(918): App\Controllers\Task->getTask()
#7 E:\CodingFork\cftracker-v2\vendor\codeigniter4\framework\system\CodeIgniter.php(404): CodeIgniter\CodeIgniter->runController(Object(App\Controllers\Task))
#8 E:\CodingFork\cftracker-v2\vendor\codeigniter4\framework\system\CodeIgniter.php(312): CodeIgniter\CodeIgniter->handleRequest(NULL, Object(Config\Cache), false)
#9 E:\CodingFork\cftracker-v2\public\index.php(45): CodeIgniter\CodeIgniter->run()
#10 E:\CodingFork\cftracker-v2\vendor\codeigniter4\framework\system\Commands\Server\rewrite.php(34): require_once('E:\\CodingFork\\c...')
#11 {main}
CRITICAL - 2020-09-27 17:44:16 --> Column 'id' in where clause is ambiguous
#0 E:\CodingFork\cftracker-v2\vendor\codeigniter4\framework\system\Database\MySQLi\Connection.php(331): mysqli->query('SELECT `user_in...')
#1 E:\CodingFork\cftracker-v2\vendor\codeigniter4\framework\system\Database\BaseConnection.php(741): CodeIgniter\Database\MySQLi\Connection->execute('SELECT `user_in...')
#2 E:\CodingFork\cftracker-v2\vendor\codeigniter4\framework\system\Database\BaseConnection.php(669): CodeIgniter\Database\BaseConnection->simpleQuery('SELECT `user_in...')
#3 E:\CodingFork\cftracker-v2\vendor\codeigniter4\framework\system\Database\BaseBuilder.php(1860): CodeIgniter\Database\BaseConnection->query('SELECT `user_in...', Array, false)
#4 E:\CodingFork\cftracker-v2\app\Models\CoreModel.php(45): CodeIgniter\Database\BaseBuilder->get()
#5 E:\CodingFork\cftracker-v2\app\Controllers\Task.php(31): App\Models\CoreModel->getData(Array, 'task')
#6 E:\CodingFork\cftracker-v2\vendor\codeigniter4\framework\system\CodeIgniter.php(918): App\Controllers\Task->getTask()
#7 E:\CodingFork\cftracker-v2\vendor\codeigniter4\framework\system\CodeIgniter.php(404): CodeIgniter\CodeIgniter->runController(Object(App\Controllers\Task))
#8 E:\CodingFork\cftracker-v2\vendor\codeigniter4\framework\system\CodeIgniter.php(312): CodeIgniter\CodeIgniter->handleRequest(NULL, Object(Config\Cache), false)
#9 E:\CodingFork\cftracker-v2\public\index.php(45): CodeIgniter\CodeIgniter->run()
#10 E:\CodingFork\cftracker-v2\vendor\codeigniter4\framework\system\Commands\Server\rewrite.php(34): require_once('E:\\CodingFork\\c...')
#11 {main}
