CRITICAL - 2020-09-29 12:03:38 --> Undefined offset: 0
#0 /home/u169549071/domains/codingfork.com/public_html/subdomain-cftracker/cftracker/app/Controllers/Auth.php(20): CodeIgniter\Debug\Exceptions->errorHandler(8, 'Undefined offse...', '/home/u16954907...', 20, Array)
#1 /home/u169549071/domains/codingfork.com/public_html/subdomain-cftracker/cftracker/vendor/codeigniter4/framework/system/CodeIgniter.php(918): App\Controllers\Auth->handleLogin()
#2 /home/u169549071/domains/codingfork.com/public_html/subdomain-cftracker/cftracker/vendor/codeigniter4/framework/system/CodeIgniter.php(404): CodeIgniter\CodeIgniter->runController(Object(App\Controllers\Auth))
#3 /home/u169549071/domains/codingfork.com/public_html/subdomain-cftracker/cftracker/vendor/codeigniter4/framework/system/CodeIgniter.php(312): CodeIgniter\CodeIgniter->handleRequest(NULL, Object(Config\Cache), false)
#4 /home/u169549071/domains/codingfork.com/public_html/subdomain-cftracker/index.php(45): CodeIgniter\CodeIgniter->run()
#5 {main}
CRITICAL - 2020-09-29 12:11:17 --> Undefined offset: 0
#0 /home/u169549071/domains/codingfork.com/public_html/subdomain-cftracker/cftracker/app/Controllers/Auth.php(20): CodeIgniter\Debug\Exceptions->errorHandler(8, 'Undefined offse...', '/home/u16954907...', 20, Array)
#1 /home/u169549071/domains/codingfork.com/public_html/subdomain-cftracker/cftracker/vendor/codeigniter4/framework/system/CodeIgniter.php(918): App\Controllers\Auth->handleLogin()
#2 /home/u169549071/domains/codingfork.com/public_html/subdomain-cftracker/cftracker/vendor/codeigniter4/framework/system/CodeIgniter.php(404): CodeIgniter\CodeIgniter->runController(Object(App\Controllers\Auth))
#3 /home/u169549071/domains/codingfork.com/public_html/subdomain-cftracker/cftracker/vendor/codeigniter4/framework/system/CodeIgniter.php(312): CodeIgniter\CodeIgniter->handleRequest(NULL, Object(Config\Cache), false)
#4 /home/u169549071/domains/codingfork.com/public_html/subdomain-cftracker/index.php(45): CodeIgniter\CodeIgniter->run()
#5 {main}
CRITICAL - 2020-09-29 12:16:01 --> Undefined offset: 0
#0 /home/u169549071/domains/codingfork.com/public_html/subdomain-cftracker/cftracker/app/Controllers/Auth.php(20): CodeIgniter\Debug\Exceptions->errorHandler(8, 'Undefined offse...', '/home/u16954907...', 20, Array)
#1 /home/u169549071/domains/codingfork.com/public_html/subdomain-cftracker/cftracker/vendor/codeigniter4/framework/system/CodeIgniter.php(918): App\Controllers\Auth->handleLogin()
#2 /home/u169549071/domains/codingfork.com/public_html/subdomain-cftracker/cftracker/vendor/codeigniter4/framework/system/CodeIgniter.php(404): CodeIgniter\CodeIgniter->runController(Object(App\Controllers\Auth))
#3 /home/u169549071/domains/codingfork.com/public_html/subdomain-cftracker/cftracker/vendor/codeigniter4/framework/system/CodeIgniter.php(312): CodeIgniter\CodeIgniter->handleRequest(NULL, Object(Config\Cache), false)
#4 /home/u169549071/domains/codingfork.com/public_html/subdomain-cftracker/index.php(45): CodeIgniter\CodeIgniter->run()
#5 {main}
CRITICAL - 2020-09-29 12:18:44 --> Undefined index: user_id
#0 /home/u169549071/domains/codingfork.com/public_html/subdomain-cftracker/cftracker/app/Libraries/AuthLibrary.php(13): CodeIgniter\Debug\Exceptions->errorHandler(8, 'Undefined index...', '/home/u16954907...', 13, Array)
#1 /home/u169549071/domains/codingfork.com/public_html/subdomain-cftracker/cftracker/app/Filters/AuthFilter.php(18): App\Libraries\AuthLibrary->isLoggedIn()
#2 /home/u169549071/domains/codingfork.com/public_html/subdomain-cftracker/cftracker/vendor/codeigniter4/framework/system/Filters/Filters.php(173): App\Filters\AuthFilter->before(Object(CodeIgniter\HTTP\IncomingRequest), NULL)
#3 /home/u169549071/domains/codingfork.com/public_html/subdomain-cftracker/cftracker/vendor/codeigniter4/framework/system/CodeIgniter.php(382): CodeIgniter\Filters\Filters->run('/', 'before')
#4 /home/u169549071/domains/codingfork.com/public_html/subdomain-cftracker/cftracker/vendor/codeigniter4/framework/system/CodeIgniter.php(312): CodeIgniter\CodeIgniter->handleRequest(NULL, Object(Config\Cache), false)
#5 /home/u169549071/domains/codingfork.com/public_html/subdomain-cftracker/index.php(45): CodeIgniter\CodeIgniter->run()
#6 {main}
CRITICAL - 2020-09-29 12:19:36 --> Cannot use [] for reading
#0 [internal function]: CodeIgniter\Debug\Exceptions->shutdownHandler()
#1 {main}
CRITICAL - 2020-09-29 12:19:55 --> Uncaught ErrorException: Array to string conversion in /home/u169549071/domains/codingfork.com/public_html/subdomain-cftracker/cftracker/app/Libraries/AuthLibrary.php:13
Stack trace:
#0 /home/u169549071/domains/codingfork.com/public_html/subdomain-cftracker/cftracker/app/Libraries/AuthLibrary.php(13): CodeIgniter\Debug\Exceptions->errorHandler(8, 'Array to string...', '/home/u16954907...', 13, Array)
#1 /home/u169549071/domains/codingfork.com/public_html/subdomain-cftracker/cftracker/app/Filters/AuthFilter.php(18): App\Libraries\AuthLibrary->isLoggedIn()
#2 /home/u169549071/domains/codingfork.com/public_html/subdomain-cftracker/cftracker/vendor/codeigniter4/framework/system/Filters/Filters.php(173): App\Filters\AuthFilter->before(Object(CodeIgniter\HTTP\IncomingRequest), NULL)
#3 /home/u169549071/domains/codingfork.com/public_html/subdomain-cftracker/cftracker/vendor/codeigniter4/framework/system/CodeIgniter.php(382): CodeIgniter\Filters\Filters->run('/', 'before')
#4 /home/u169549071/domains/codingfork.com/p
#0 [internal function]: CodeIgniter\Debug\Exceptions->shutdownHandler()
#1 {main}
CRITICAL - 2020-09-29 12:48:20 --> Cannot use object of type CodeIgniter\Session\Session as array
#0 /home/u169549071/domains/codingfork.com/public_html/subdomain-cftracker/cftracker/app/Filters/AuthFilter.php(18): App\Libraries\AuthLibrary->isLoggedIn()
#1 /home/u169549071/domains/codingfork.com/public_html/subdomain-cftracker/cftracker/vendor/codeigniter4/framework/system/Filters/Filters.php(173): App\Filters\AuthFilter->before(Object(CodeIgniter\HTTP\IncomingRequest), NULL)
#2 /home/u169549071/domains/codingfork.com/public_html/subdomain-cftracker/cftracker/vendor/codeigniter4/framework/system/CodeIgniter.php(382): CodeIgniter\Filters\Filters->run('/', 'before')
#3 /home/u169549071/domains/codingfork.com/public_html/subdomain-cftracker/cftracker/vendor/codeigniter4/framework/system/CodeIgniter.php(312): CodeIgniter\CodeIgniter->handleRequest(NULL, Object(Config\Cache), false)
#4 /home/u169549071/domains/codingfork.com/public_html/subdomain-cftracker/index.php(45): CodeIgniter\CodeIgniter->run()
#5 {main}
CRITICAL - 2020-09-29 12:48:45 --> Cannot use isset() on the result of an expression (you can use "null !== expression" instead)
#0 [internal function]: CodeIgniter\Debug\Exceptions->shutdownHandler()
#1 {main}
CRITICAL - 2020-09-29 12:48:57 --> Cannot use isset() on the result of an expression (you can use "null !== expression" instead)
#0 [internal function]: CodeIgniter\Debug\Exceptions->shutdownHandler()
#1 {main}
CRITICAL - 2020-09-29 12:49:31 --> syntax error, unexpected 'return' (T_RETURN)
#0 /home/u169549071/domains/codingfork.com/public_html/subdomain-cftracker/cftracker/vendor/codeigniter4/framework/system/Autoloader/Autoloader.php(296): CodeIgniter\Autoloader\Autoloader->requireFile('/home/u16954907...')
#1 /home/u169549071/domains/codingfork.com/public_html/subdomain-cftracker/cftracker/vendor/codeigniter4/framework/system/Autoloader/Autoloader.php(258): CodeIgniter\Autoloader\Autoloader->loadInNamespace('App\\Libraries\\A...')
#2 [internal function]: CodeIgniter\Autoloader\Autoloader->loadClass('App\\Libraries\\A...')
#3 /home/u169549071/domains/codingfork.com/public_html/subdomain-cftracker/cftracker/app/Config/Services.php(34): spl_autoload_call('App\\Libraries\\A...')
#4 /home/u169549071/domains/codingfork.com/public_html/subdomain-cftracker/cftracker/app/Filters/AuthFilter.php(15): Config\Services::authentif()
#5 /home/u169549071/domains/codingfork.com/public_html/subdomain-cftracker/cftracker/vendor/codeigniter4/framework/system/Filters/Filters.php(173): App\Filters\AuthFilter->before(Object(CodeIgniter\HTTP\IncomingRequest), NULL)
#6 /home/u169549071/domains/codingfork.com/public_html/subdomain-cftracker/cftracker/vendor/codeigniter4/framework/system/CodeIgniter.php(382): CodeIgniter\Filters\Filters->run('/', 'before')
#7 /home/u169549071/domains/codingfork.com/public_html/subdomain-cftracker/cftracker/vendor/codeigniter4/framework/system/CodeIgniter.php(312): CodeIgniter\CodeIgniter->handleRequest(NULL, Object(Config\Cache), false)
#8 /home/u169549071/domains/codingfork.com/public_html/subdomain-cftracker/index.php(45): CodeIgniter\CodeIgniter->run()
#9 {main}
CRITICAL - 2020-09-29 12:49:37 --> Cannot use isset() on the result of an expression (you can use "null !== expression" instead)
#0 [internal function]: CodeIgniter\Debug\Exceptions->shutdownHandler()
#1 {main}
CRITICAL - 2020-09-29 12:49:47 --> Uncaught ErrorException: Array to string conversion in /home/u169549071/domains/codingfork.com/public_html/subdomain-cftracker/cftracker/app/Libraries/AuthLibrary.php:13
Stack trace:
#0 /home/u169549071/domains/codingfork.com/public_html/subdomain-cftracker/cftracker/app/Libraries/AuthLibrary.php(13): CodeIgniter\Debug\Exceptions->errorHandler(8, 'Array to string...', '/home/u16954907...', 13, Array)
#1 /home/u169549071/domains/codingfork.com/public_html/subdomain-cftracker/cftracker/app/Filters/AuthFilter.php(18): App\Libraries\AuthLibrary->isLoggedIn()
#2 /home/u169549071/domains/codingfork.com/public_html/subdomain-cftracker/cftracker/vendor/codeigniter4/framework/system/Filters/Filters.php(173): App\Filters\AuthFilter->before(Object(CodeIgniter\HTTP\IncomingRequest), NULL)
#3 /home/u169549071/domains/codingfork.com/public_html/subdomain-cftracker/cftracker/vendor/codeigniter4/framework/system/CodeIgniter.php(382): CodeIgniter\Filters\Filters->run('/', 'before')
#4 /home/u169549071/domains/codingfork.com/p
#0 [internal function]: CodeIgniter\Debug\Exceptions->shutdownHandler()
#1 {main}
CRITICAL - 2020-09-29 12:50:38 --> Undefined variable: session
#0 /home/u169549071/domains/codingfork.com/public_html/subdomain-cftracker/cftracker/app/Controllers/Auth.php(26): CodeIgniter\Debug\Exceptions->errorHandler(8, 'Undefined varia...', '/home/u16954907...', 26, Array)
#1 /home/u169549071/domains/codingfork.com/public_html/subdomain-cftracker/cftracker/vendor/codeigniter4/framework/system/CodeIgniter.php(918): App\Controllers\Auth->handleLogin()
#2 /home/u169549071/domains/codingfork.com/public_html/subdomain-cftracker/cftracker/vendor/codeigniter4/framework/system/CodeIgniter.php(404): CodeIgniter\CodeIgniter->runController(Object(App\Controllers\Auth))
#3 /home/u169549071/domains/codingfork.com/public_html/subdomain-cftracker/cftracker/vendor/codeigniter4/framework/system/CodeIgniter.php(312): CodeIgniter\CodeIgniter->handleRequest(NULL, Object(Config\Cache), false)
#4 /home/u169549071/domains/codingfork.com/public_html/subdomain-cftracker/index.php(45): CodeIgniter\CodeIgniter->run()
#5 {main}
CRITICAL - 2020-09-29 12:55:43 --> Class 'CodeIgniter\Session\Handlers\sessions_cache' not found
#0 /home/u169549071/domains/codingfork.com/public_html/subdomain-cftracker/cftracker/vendor/codeigniter4/framework/system/Config/BaseService.php(123): CodeIgniter\Config\Services::session(Object(Config\App), false)
#1 /home/u169549071/domains/codingfork.com/public_html/subdomain-cftracker/cftracker/vendor/codeigniter4/framework/system/Config/Services.php(769): CodeIgniter\Config\BaseService::getSharedInstance('session', NULL)
#2 /home/u169549071/domains/codingfork.com/public_html/subdomain-cftracker/cftracker/app/Controllers/BaseController.php(46): CodeIgniter\Config\Services::session()
#3 /home/u169549071/domains/codingfork.com/public_html/subdomain-cftracker/cftracker/vendor/codeigniter4/framework/system/CodeIgniter.php(891): App\Controllers\BaseController->initController(Object(CodeIgniter\HTTP\IncomingRequest), Object(CodeIgniter\HTTP\Response), Object(CodeIgniter\Log\Logger))
#4 /home/u169549071/domains/codingfork.com/public_html/subdomain-cftracker/cftracker/vendor/codeigniter4/framework/system/CodeIgniter.php(399): CodeIgniter\CodeIgniter->createController()
#5 /home/u169549071/domains/codingfork.com/public_html/subdomain-cftracker/cftracker/vendor/codeigniter4/framework/system/CodeIgniter.php(312): CodeIgniter\CodeIgniter->handleRequest(NULL, Object(Config\Cache), false)
#6 /home/u169549071/domains/codingfork.com/public_html/subdomain-cftracker/index.php(45): CodeIgniter\CodeIgniter->run()
#7 {main}
CRITICAL - 2020-09-29 12:56:13 --> Class 'CodeIgniter\Session\Handlers\sessions_cache' not found
#0 /home/u169549071/domains/codingfork.com/public_html/subdomain-cftracker/cftracker/vendor/codeigniter4/framework/system/Config/BaseService.php(123): CodeIgniter\Config\Services::session(Object(Config\App), false)
#1 /home/u169549071/domains/codingfork.com/public_html/subdomain-cftracker/cftracker/vendor/codeigniter4/framework/system/Config/Services.php(769): CodeIgniter\Config\BaseService::getSharedInstance('session', NULL)
#2 /home/u169549071/domains/codingfork.com/public_html/subdomain-cftracker/cftracker/app/Filters/AuthFilter.php(14): CodeIgniter\Config\Services::session()
#3 /home/u169549071/domains/codingfork.com/public_html/subdomain-cftracker/cftracker/vendor/codeigniter4/framework/system/Filters/Filters.php(173): App\Filters\AuthFilter->before(Object(CodeIgniter\HTTP\IncomingRequest), NULL)
#4 /home/u169549071/domains/codingfork.com/public_html/subdomain-cftracker/cftracker/vendor/codeigniter4/framework/system/CodeIgniter.php(382): CodeIgniter\Filters\Filters->run('/', 'before')
#5 /home/u169549071/domains/codingfork.com/public_html/subdomain-cftracker/cftracker/vendor/codeigniter4/framework/system/CodeIgniter.php(312): CodeIgniter\CodeIgniter->handleRequest(NULL, Object(Config\Cache), false)
#6 /home/u169549071/domains/codingfork.com/public_html/subdomain-cftracker/index.php(45): CodeIgniter\CodeIgniter->run()
#7 {main}
CRITICAL - 2020-09-29 12:56:26 --> Class 'CodeIgniter\Session\Handlers\sessions_cache' not found
#0 /home/u169549071/domains/codingfork.com/public_html/subdomain-cftracker/cftracker/vendor/codeigniter4/framework/system/Config/BaseService.php(123): CodeIgniter\Config\Services::session(Object(Config\App), false)
#1 /home/u169549071/domains/codingfork.com/public_html/subdomain-cftracker/cftracker/vendor/codeigniter4/framework/system/Config/Services.php(769): CodeIgniter\Config\BaseService::getSharedInstance('session', NULL)
#2 /home/u169549071/domains/codingfork.com/public_html/subdomain-cftracker/cftracker/app/Filters/AuthFilter.php(14): CodeIgniter\Config\Services::session()
#3 /home/u169549071/domains/codingfork.com/public_html/subdomain-cftracker/cftracker/vendor/codeigniter4/framework/system/Filters/Filters.php(173): App\Filters\AuthFilter->before(Object(CodeIgniter\HTTP\IncomingRequest), NULL)
#4 /home/u169549071/domains/codingfork.com/public_html/subdomain-cftracker/cftracker/vendor/codeigniter4/framework/system/CodeIgniter.php(382): CodeIgniter\Filters\Filters->run('/', 'before')
#5 /home/u169549071/domains/codingfork.com/public_html/subdomain-cftracker/cftracker/vendor/codeigniter4/framework/system/CodeIgniter.php(312): CodeIgniter\CodeIgniter->handleRequest(NULL, Object(Config\Cache), false)
#6 /home/u169549071/domains/codingfork.com/public_html/subdomain-cftracker/index.php(45): CodeIgniter\CodeIgniter->run()
#7 {main}
CRITICAL - 2020-09-29 12:56:42 --> Class 'CodeIgniter\Session\Handlers\sessions_cache' not found
#0 /home/u169549071/domains/codingfork.com/public_html/subdomain-cftracker/cftracker/vendor/codeigniter4/framework/system/Config/BaseService.php(123): CodeIgniter\Config\Services::session(Object(Config\App), false)
#1 /home/u169549071/domains/codingfork.com/public_html/subdomain-cftracker/cftracker/vendor/codeigniter4/framework/system/Config/Services.php(769): CodeIgniter\Config\BaseService::getSharedInstance('session', NULL)
#2 /home/u169549071/domains/codingfork.com/public_html/subdomain-cftracker/cftracker/app/Filters/AuthFilter.php(14): CodeIgniter\Config\Services::session()
#3 /home/u169549071/domains/codingfork.com/public_html/subdomain-cftracker/cftracker/vendor/codeigniter4/framework/system/Filters/Filters.php(173): App\Filters\AuthFilter->before(Object(CodeIgniter\HTTP\IncomingRequest), NULL)
#4 /home/u169549071/domains/codingfork.com/public_html/subdomain-cftracker/cftracker/vendor/codeigniter4/framework/system/CodeIgniter.php(382): CodeIgniter\Filters\Filters->run('admin', 'before')
#5 /home/u169549071/domains/codingfork.com/public_html/subdomain-cftracker/cftracker/vendor/codeigniter4/framework/system/CodeIgniter.php(312): CodeIgniter\CodeIgniter->handleRequest(NULL, Object(Config\Cache), false)
#6 /home/u169549071/domains/codingfork.com/public_html/subdomain-cftracker/index.php(45): CodeIgniter\CodeIgniter->run()
#7 {main}
CRITICAL - 2020-09-29 12:57:01 --> Class 'CodeIgniter\Session\Handlers\sessions_cache' not found
#0 /home/u169549071/domains/codingfork.com/public_html/subdomain-cftracker/cftracker/vendor/codeigniter4/framework/system/Config/BaseService.php(123): CodeIgniter\Config\Services::session(Object(Config\App), false)
#1 /home/u169549071/domains/codingfork.com/public_html/subdomain-cftracker/cftracker/vendor/codeigniter4/framework/system/Config/Services.php(769): CodeIgniter\Config\BaseService::getSharedInstance('session', NULL)
#2 /home/u169549071/domains/codingfork.com/public_html/subdomain-cftracker/cftracker/app/Filters/AuthFilter.php(14): CodeIgniter\Config\Services::session()
#3 /home/u169549071/domains/codingfork.com/public_html/subdomain-cftracker/cftracker/vendor/codeigniter4/framework/system/Filters/Filters.php(173): App\Filters\AuthFilter->before(Object(CodeIgniter\HTTP\IncomingRequest), NULL)
#4 /home/u169549071/domains/codingfork.com/public_html/subdomain-cftracker/cftracker/vendor/codeigniter4/framework/system/CodeIgniter.php(382): CodeIgniter\Filters\Filters->run('/', 'before')
#5 /home/u169549071/domains/codingfork.com/public_html/subdomain-cftracker/cftracker/vendor/codeigniter4/framework/system/CodeIgniter.php(312): CodeIgniter\CodeIgniter->handleRequest(NULL, Object(Config\Cache), false)
#6 /home/u169549071/domains/codingfork.com/public_html/subdomain-cftracker/index.php(45): CodeIgniter\CodeIgniter->run()
#7 {main}
CRITICAL - 2020-09-29 12:57:42 --> Class 'CodeIgniter\Session\Handlers\sessions_cache' not found
#0 /home/u169549071/domains/codingfork.com/public_html/subdomain-cftracker/cftracker/vendor/codeigniter4/framework/system/Config/BaseService.php(123): CodeIgniter\Config\Services::session(Object(Config\App), false)
#1 /home/u169549071/domains/codingfork.com/public_html/subdomain-cftracker/cftracker/vendor/codeigniter4/framework/system/Config/Services.php(769): CodeIgniter\Config\BaseService::getSharedInstance('session', NULL)
#2 /home/u169549071/domains/codingfork.com/public_html/subdomain-cftracker/cftracker/app/Filters/AuthFilter.php(14): CodeIgniter\Config\Services::session()
#3 /home/u169549071/domains/codingfork.com/public_html/subdomain-cftracker/cftracker/vendor/codeigniter4/framework/system/Filters/Filters.php(173): App\Filters\AuthFilter->before(Object(CodeIgniter\HTTP\IncomingRequest), NULL)
#4 /home/u169549071/domains/codingfork.com/public_html/subdomain-cftracker/cftracker/vendor/codeigniter4/framework/system/CodeIgniter.php(382): CodeIgniter\Filters\Filters->run('/', 'before')
#5 /home/u169549071/domains/codingfork.com/public_html/subdomain-cftracker/cftracker/vendor/codeigniter4/framework/system/CodeIgniter.php(312): CodeIgniter\CodeIgniter->handleRequest(NULL, Object(Config\Cache), false)
#6 /home/u169549071/domains/codingfork.com/public_html/subdomain-cftracker/index.php(45): CodeIgniter\CodeIgniter->run()
#7 {main}
CRITICAL - 2020-09-29 13:56:17 --> Invalid file: content/task_Admin/task.php
#0 /home/u169549071/domains/codingfork.com/public_html/subdomain-cftracker/cftracker/vendor/codeigniter4/framework/system/View/View.php(228): CodeIgniter\Exceptions\FrameworkException::forInvalidFile('content/task_Ad...')
#1 /home/u169549071/domains/codingfork.com/public_html/subdomain-cftracker/cftracker/vendor/codeigniter4/framework/system/Common.php(1119): CodeIgniter\View\View->render('content/task_Ad...', Array, true)
#2 /home/u169549071/domains/codingfork.com/public_html/subdomain-cftracker/cftracker/app/Controllers/BaseController.php(58): view('content/task_Ad...', Array)
#3 /home/u169549071/domains/codingfork.com/public_html/subdomain-cftracker/cftracker/app/Controllers/Task_Admin.php(14): App\Controllers\BaseController->loadLayout('content/task_Ad...')
#4 /home/u169549071/domains/codingfork.com/public_html/subdomain-cftracker/cftracker/vendor/codeigniter4/framework/system/CodeIgniter.php(918): App\Controllers\Task_Admin->index()
#5 /home/u169549071/domains/codingfork.com/public_html/subdomain-cftracker/cftracker/vendor/codeigniter4/framework/system/CodeIgniter.php(404): CodeIgniter\CodeIgniter->runController(Object(App\Controllers\Task_Admin))
#6 /home/u169549071/domains/codingfork.com/public_html/subdomain-cftracker/cftracker/vendor/codeigniter4/framework/system/CodeIgniter.php(312): CodeIgniter\CodeIgniter->handleRequest(NULL, Object(Config\Cache), false)
#7 /home/u169549071/domains/codingfork.com/public_html/subdomain-cftracker/index.php(45): CodeIgniter\CodeIgniter->run()
#8 {main}
CRITICAL - 2020-09-29 13:57:06 --> Unknown column 'User.id' in 'on clause'
#0 /home/u169549071/domains/codingfork.com/public_html/subdomain-cftracker/cftracker/vendor/codeigniter4/framework/system/Database/MySQLi/Connection.php(331): mysqli->query('SELECT `user_in...')
#1 /home/u169549071/domains/codingfork.com/public_html/subdomain-cftracker/cftracker/vendor/codeigniter4/framework/system/Database/BaseConnection.php(741): CodeIgniter\Database\MySQLi\Connection->execute('SELECT `user_in...')
#2 /home/u169549071/domains/codingfork.com/public_html/subdomain-cftracker/cftracker/vendor/codeigniter4/framework/system/Database/BaseConnection.php(669): CodeIgniter\Database\BaseConnection->simpleQuery('SELECT `user_in...')
#3 /home/u169549071/domains/codingfork.com/public_html/subdomain-cftracker/cftracker/vendor/codeigniter4/framework/system/Database/BaseBuilder.php(1860): CodeIgniter\Database\BaseConnection->query('SELECT `user_in...', Array, false)
#4 /home/u169549071/domains/codingfork.com/public_html/subdomain-cftracker/cftracker/app/Models/CoreModel.php(45): CodeIgniter\Database\BaseBuilder->get()
#5 /home/u169549071/domains/codingfork.com/public_html/subdomain-cftracker/cftracker/app/Helpers/datafunc_helper.php(56): App\Models\CoreModel->getData(Array, 'user')
#6 /home/u169549071/domains/codingfork.com/public_html/subdomain-cftracker/cftracker/app/Views/content/task_admin/modal.php(23): optionUser()
#7 /home/u169549071/domains/codingfork.com/public_html/subdomain-cftracker/cftracker/app/Views/content/task_admin/task.php(27): include('/home/u16954907...')
#8 /home/u169549071/domains/codingfork.com/public_html/subdomain-cftracker/cftracker/vendor/codeigniter4/framework/system/View/View.php(246): include('/home/u16954907...')
#9 /home/u169549071/domains/codingfork.com/public_html/subdomain-cftracker/cftracker/vendor/codeigniter4/framework/system/Common.php(1119): CodeIgniter\View\View->render('content/task_ad...', Array, true)
#10 /home/u169549071/domains/codingfork.com/public_html/subdomain-cftracker/cftracker/app/Controllers/BaseController.php(58): view('content/task_ad...', Array)
#11 /home/u169549071/domains/codingfork.com/public_html/subdomain-cftracker/cftracker/app/Controllers/Task_Admin.php(14): App\Controllers\BaseController->loadLayout('content/task_ad...')
#12 /home/u169549071/domains/codingfork.com/public_html/subdomain-cftracker/cftracker/vendor/codeigniter4/framework/system/CodeIgniter.php(918): App\Controllers\Task_Admin->index()
#13 /home/u169549071/domains/codingfork.com/public_html/subdomain-cftracker/cftracker/vendor/codeigniter4/framework/system/CodeIgniter.php(404): CodeIgniter\CodeIgniter->runController(Object(App\Controllers\Task_Admin))
#14 /home/u169549071/domains/codingfork.com/public_html/subdomain-cftracker/cftracker/vendor/codeigniter4/framework/system/CodeIgniter.php(312): CodeIgniter\CodeIgniter->handleRequest(NULL, Object(Config\Cache), false)
#15 /home/u169549071/domains/codingfork.com/public_html/subdomain-cftracker/index.php(45): CodeIgniter\CodeIgniter->run()
#16 {main}
CRITICAL - 2020-09-29 14:00:42 --> syntax error, unexpected '?>', expecting function (T_FUNCTION) or const (T_CONST)
#0 /home/u169549071/domains/codingfork.com/public_html/subdomain-cftracker/cftracker/vendor/codeigniter4/framework/system/Autoloader/Autoloader.php(296): CodeIgniter\Autoloader\Autoloader->requireFile('/home/u16954907...')
#1 /home/u169549071/domains/codingfork.com/public_html/subdomain-cftracker/cftracker/vendor/codeigniter4/framework/system/Autoloader/Autoloader.php(258): CodeIgniter\Autoloader\Autoloader->loadInNamespace('App\\Controllers...')
#2 [internal function]: CodeIgniter\Autoloader\Autoloader->loadClass('App\\Controllers...')
#3 [internal function]: spl_autoload_call('App\\Controllers...')
#4 /home/u169549071/domains/codingfork.com/public_html/subdomain-cftracker/cftracker/vendor/codeigniter4/framework/system/CodeIgniter.php(869): class_exists('\\App\\Controller...', true)
#5 /home/u169549071/domains/codingfork.com/public_html/subdomain-cftracker/cftracker/vendor/codeigniter4/framework/system/CodeIgniter.php(394): CodeIgniter\CodeIgniter->startController()
#6 /home/u169549071/domains/codingfork.com/public_html/subdomain-cftracker/cftracker/vendor/codeigniter4/framework/system/CodeIgniter.php(312): CodeIgniter\CodeIgniter->handleRequest(NULL, Object(Config\Cache), false)
#7 /home/u169549071/domains/codingfork.com/public_html/subdomain-cftracker/index.php(45): CodeIgniter\CodeIgniter->run()
#8 {main}
